[2021-08-16 15:47:04,185] {taskinstance.py:851} INFO - Dependencies all met for <TaskInstance: example_bash_operator.runme_0 2021-08-14T00:00:00+00:00 [queued]>
[2021-08-16 15:47:04,345] {taskinstance.py:851} INFO - Dependencies all met for <TaskInstance: example_bash_operator.runme_0 2021-08-14T00:00:00+00:00 [queued]>
[2021-08-16 15:47:04,346] {taskinstance.py:1042} INFO - 
--------------------------------------------------------------------------------
[2021-08-16 15:47:04,346] {taskinstance.py:1043} INFO - Starting attempt 1 of 1
[2021-08-16 15:47:04,348] {taskinstance.py:1044} INFO - 
--------------------------------------------------------------------------------
[2021-08-16 15:47:04,363] {taskinstance.py:1063} INFO - Executing <Task(BashOperator): runme_0> on 2021-08-14T00:00:00+00:00
[2021-08-16 15:47:04,459] {standard_task_runner.py:52} INFO - Started process 305 to run task
[2021-08-16 15:47:04,509] {standard_task_runner.py:76} INFO - Running: ['airflow', 'tasks', 'run', 'example_bash_operator', 'runme_0', '2021-08-14T00:00:00+00:00', '--job-id', '4', '--pool', 'default_pool', '--raw', '--subdir', '/home/airflow/.local/lib/python3.6/site-packages/airflow/example_dags/example_bash_operator.py', '--cfg-path', '/tmp/tmpbadzywri', '--error-file', '/tmp/tmp6huggeec']
[2021-08-16 15:47:04,510] {standard_task_runner.py:77} INFO - Job 4: Subtask runme_0
[2021-08-16 15:47:04,688] {logging_mixin.py:104} INFO - Running <TaskInstance: example_bash_operator.runme_0 2021-08-14T00:00:00+00:00 [running]> on host 8f195762143d
[2021-08-16 15:47:05,359] {taskinstance.py:1257} INFO - Exporting the following env vars:
AIRFLOW_CTX_DAG_OWNER=airflow
AIRFLOW_CTX_DAG_ID=example_bash_operator
AIRFLOW_CTX_TASK_ID=runme_0
AIRFLOW_CTX_EXECUTION_DATE=2021-08-14T00:00:00+00:00
AIRFLOW_CTX_DAG_RUN_ID=scheduled__2021-08-14T00:00:00+00:00
[2021-08-16 15:47:05,365] {bash.py:135} INFO - Tmp dir root location: 
 /tmp
[2021-08-16 15:47:05,385] {bash.py:158} INFO - Running command: echo "example_bash_operator__runme_0__20210814" && sleep 1
[2021-08-16 15:47:05,648] {bash.py:169} INFO - Output:
[2021-08-16 15:47:05,685] {bash.py:173} INFO - example_bash_operator__runme_0__20210814
[2021-08-16 15:47:06,719] {bash.py:177} INFO - Command exited with return code 0
[2021-08-16 15:47:06,866] {taskinstance.py:1166} INFO - Marking task as SUCCESS. dag_id=example_bash_operator, task_id=runme_0, execution_date=20210814T000000, start_date=20210816T154704, end_date=20210816T154706
[2021-08-16 15:47:06,966] {taskinstance.py:1220} INFO - 0 downstream tasks scheduled from follow-on schedule check
[2021-08-16 15:47:07,094] {local_task_job.py:146} INFO - Task exited with return code 0
