[2021-08-16 15:49:22,139] {taskinstance.py:851} INFO - Dependencies all met for <TaskInstance: alison_bash_dag.sleep 2021-08-15T00:00:00+00:00 [queued]>
[2021-08-16 15:49:22,239] {taskinstance.py:851} INFO - Dependencies all met for <TaskInstance: alison_bash_dag.sleep 2021-08-15T00:00:00+00:00 [queued]>
[2021-08-16 15:49:22,242] {taskinstance.py:1042} INFO - 
--------------------------------------------------------------------------------
[2021-08-16 15:49:22,243] {taskinstance.py:1043} INFO - Starting attempt 1 of 4
[2021-08-16 15:49:22,243] {taskinstance.py:1044} INFO - 
--------------------------------------------------------------------------------
[2021-08-16 15:49:22,356] {taskinstance.py:1063} INFO - Executing <Task(BashOperator): sleep> on 2021-08-15T00:00:00+00:00
[2021-08-16 15:49:22,403] {standard_task_runner.py:52} INFO - Started process 587 to run task
[2021-08-16 15:49:22,457] {standard_task_runner.py:76} INFO - Running: ['airflow', 'tasks', 'run', 'alison_bash_dag', 'sleep', '2021-08-15T00:00:00+00:00', '--job-id', '88', '--pool', 'default_pool', '--raw', '--subdir', 'DAGS_FOLDER/adam-dag.py', '--cfg-path', '/tmp/tmpxhv2mt4r', '--error-file', '/tmp/tmp_vifohwg']
[2021-08-16 15:49:22,463] {standard_task_runner.py:77} INFO - Job 88: Subtask sleep
[2021-08-16 15:49:22,812] {logging_mixin.py:104} INFO - Running <TaskInstance: alison_bash_dag.sleep 2021-08-15T00:00:00+00:00 [running]> on host 8f195762143d
[2021-08-16 15:49:23,474] {taskinstance.py:1257} INFO - Exporting the following env vars:
AIRFLOW_CTX_DAG_OWNER=airflow
AIRFLOW_CTX_DAG_ID=alison_bash_dag
AIRFLOW_CTX_TASK_ID=sleep
AIRFLOW_CTX_EXECUTION_DATE=2021-08-15T00:00:00+00:00
AIRFLOW_CTX_DAG_RUN_ID=scheduled__2021-08-15T00:00:00+00:00
[2021-08-16 15:49:23,502] {bash.py:135} INFO - Tmp dir root location: 
 /tmp
[2021-08-16 15:49:23,540] {bash.py:158} INFO - Running command: sleep 5
[2021-08-16 15:49:23,736] {bash.py:169} INFO - Output:
[2021-08-16 15:49:28,742] {bash.py:177} INFO - Command exited with return code 0
[2021-08-16 15:49:28,864] {taskinstance.py:1166} INFO - Marking task as SUCCESS. dag_id=alison_bash_dag, task_id=sleep, execution_date=20210815T000000, start_date=20210816T154922, end_date=20210816T154928
[2021-08-16 15:49:28,935] {taskinstance.py:1220} INFO - 0 downstream tasks scheduled from follow-on schedule check
[2021-08-16 15:49:28,983] {local_task_job.py:146} INFO - Task exited with return code 0
