[2021-08-16 15:47:39,777] {taskinstance.py:851} INFO - Dependencies all met for <TaskInstance: example_complex.search_catalog 2021-08-16T15:43:47.414310+00:00 [queued]>
[2021-08-16 15:47:39,882] {taskinstance.py:851} INFO - Dependencies all met for <TaskInstance: example_complex.search_catalog 2021-08-16T15:43:47.414310+00:00 [queued]>
[2021-08-16 15:47:39,887] {taskinstance.py:1042} INFO - 
--------------------------------------------------------------------------------
[2021-08-16 15:47:39,889] {taskinstance.py:1043} INFO - Starting attempt 1 of 1
[2021-08-16 15:47:39,891] {taskinstance.py:1044} INFO - 
--------------------------------------------------------------------------------
[2021-08-16 15:47:39,968] {taskinstance.py:1063} INFO - Executing <Task(PythonOperator): search_catalog> on 2021-08-16T15:43:47.414310+00:00
[2021-08-16 15:47:40,004] {standard_task_runner.py:52} INFO - Started process 460 to run task
[2021-08-16 15:47:40,048] {standard_task_runner.py:76} INFO - Running: ['airflow', 'tasks', 'run', 'example_complex', 'search_catalog', '2021-08-16T15:43:47.414310+00:00', '--job-id', '53', '--pool', 'default_pool', '--raw', '--subdir', '/home/airflow/.local/lib/python3.6/site-packages/airflow/example_dags/example_complex.py', '--cfg-path', '/tmp/tmpoq3lb13e', '--error-file', '/tmp/tmpv7k_zqrc']
[2021-08-16 15:47:40,052] {standard_task_runner.py:77} INFO - Job 53: Subtask search_catalog
[2021-08-16 15:47:40,246] {logging_mixin.py:104} INFO - Running <TaskInstance: example_complex.search_catalog 2021-08-16T15:43:47.414310+00:00 [running]> on host 8f195762143d
[2021-08-16 15:47:40,413] {taskinstance.py:1257} INFO - Exporting the following env vars:
AIRFLOW_CTX_DAG_OWNER=airflow
AIRFLOW_CTX_DAG_ID=example_complex
AIRFLOW_CTX_TASK_ID=search_catalog
AIRFLOW_CTX_EXECUTION_DATE=2021-08-16T15:43:47.414310+00:00
AIRFLOW_CTX_DAG_RUN_ID=manual__2021-08-16T15:43:47.414310+00:00
[2021-08-16 15:47:40,414] {logging_mixin.py:104} INFO - search_catalog
[2021-08-16 15:47:40,415] {python.py:118} INFO - Done. Returned value was: None
[2021-08-16 15:47:40,445] {taskinstance.py:1166} INFO - Marking task as SUCCESS. dag_id=example_complex, task_id=search_catalog, execution_date=20210816T154347, start_date=20210816T154739, end_date=20210816T154740
[2021-08-16 15:47:40,586] {taskinstance.py:1220} INFO - 1 downstream tasks scheduled from follow-on schedule check
[2021-08-16 15:47:40,663] {local_task_job.py:146} INFO - Task exited with return code 0
