[2021-08-16 15:47:14,813] {taskinstance.py:851} INFO - Dependencies all met for <TaskInstance: example_complex.get_entry_group 2021-08-16T15:43:47.414310+00:00 [queued]>
[2021-08-16 15:47:15,073] {taskinstance.py:851} INFO - Dependencies all met for <TaskInstance: example_complex.get_entry_group 2021-08-16T15:43:47.414310+00:00 [queued]>
[2021-08-16 15:47:15,077] {taskinstance.py:1042} INFO - 
--------------------------------------------------------------------------------
[2021-08-16 15:47:15,079] {taskinstance.py:1043} INFO - Starting attempt 1 of 1
[2021-08-16 15:47:15,081] {taskinstance.py:1044} INFO - 
--------------------------------------------------------------------------------
[2021-08-16 15:47:15,239] {taskinstance.py:1063} INFO - Executing <Task(BashOperator): get_entry_group> on 2021-08-16T15:43:47.414310+00:00
[2021-08-16 15:47:15,352] {standard_task_runner.py:52} INFO - Started process 363 to run task
[2021-08-16 15:47:15,417] {standard_task_runner.py:76} INFO - Running: ['airflow', 'tasks', 'run', 'example_complex', 'get_entry_group', '2021-08-16T15:43:47.414310+00:00', '--job-id', '27', '--pool', 'default_pool', '--raw', '--subdir', '/home/airflow/.local/lib/python3.6/site-packages/airflow/example_dags/example_complex.py', '--cfg-path', '/tmp/tmpqjpp0f7j', '--error-file', '/tmp/tmp3hp00pzm']
[2021-08-16 15:47:15,419] {standard_task_runner.py:77} INFO - Job 27: Subtask get_entry_group
[2021-08-16 15:47:15,803] {logging_mixin.py:104} INFO - Running <TaskInstance: example_complex.get_entry_group 2021-08-16T15:43:47.414310+00:00 [running]> on host 8f195762143d
[2021-08-16 15:47:16,003] {taskinstance.py:1257} INFO - Exporting the following env vars:
AIRFLOW_CTX_DAG_OWNER=airflow
AIRFLOW_CTX_DAG_ID=example_complex
AIRFLOW_CTX_TASK_ID=get_entry_group
AIRFLOW_CTX_EXECUTION_DATE=2021-08-16T15:43:47.414310+00:00
AIRFLOW_CTX_DAG_RUN_ID=manual__2021-08-16T15:43:47.414310+00:00
[2021-08-16 15:47:16,013] {bash.py:135} INFO - Tmp dir root location: 
 /tmp
[2021-08-16 15:47:16,028] {bash.py:158} INFO - Running command: echo get_entry_group
[2021-08-16 15:47:16,089] {bash.py:169} INFO - Output:
[2021-08-16 15:47:16,101] {bash.py:173} INFO - get_entry_group
[2021-08-16 15:47:16,111] {bash.py:177} INFO - Command exited with return code 0
[2021-08-16 15:47:16,143] {taskinstance.py:1166} INFO - Marking task as SUCCESS. dag_id=example_complex, task_id=get_entry_group, execution_date=20210816T154347, start_date=20210816T154714, end_date=20210816T154716
[2021-08-16 15:47:16,861] {taskinstance.py:1220} INFO - 0 downstream tasks scheduled from follow-on schedule check
[2021-08-16 15:47:17,180] {local_task_job.py:146} INFO - Task exited with return code 0
