[2021-08-16 15:47:43,465] {taskinstance.py:851} INFO - Dependencies all met for <TaskInstance: example_complex.delete_tag 2021-08-16T15:43:47.414310+00:00 [queued]>
[2021-08-16 15:47:43,568] {taskinstance.py:851} INFO - Dependencies all met for <TaskInstance: example_complex.delete_tag 2021-08-16T15:43:47.414310+00:00 [queued]>
[2021-08-16 15:47:43,586] {taskinstance.py:1042} INFO - 
--------------------------------------------------------------------------------
[2021-08-16 15:47:43,588] {taskinstance.py:1043} INFO - Starting attempt 1 of 1
[2021-08-16 15:47:43,589] {taskinstance.py:1044} INFO - 
--------------------------------------------------------------------------------
[2021-08-16 15:47:43,626] {taskinstance.py:1063} INFO - Executing <Task(BashOperator): delete_tag> on 2021-08-16T15:43:47.414310+00:00
[2021-08-16 15:47:43,633] {standard_task_runner.py:52} INFO - Started process 475 to run task
[2021-08-16 15:47:43,657] {standard_task_runner.py:76} INFO - Running: ['airflow', 'tasks', 'run', 'example_complex', 'delete_tag', '2021-08-16T15:43:47.414310+00:00', '--job-id', '59', '--pool', 'default_pool', '--raw', '--subdir', '/home/airflow/.local/lib/python3.6/site-packages/airflow/example_dags/example_complex.py', '--cfg-path', '/tmp/tmpbuaxajkv', '--error-file', '/tmp/tmptjmf7j8_']
[2021-08-16 15:47:43,665] {standard_task_runner.py:77} INFO - Job 59: Subtask delete_tag
[2021-08-16 15:47:43,774] {logging_mixin.py:104} INFO - Running <TaskInstance: example_complex.delete_tag 2021-08-16T15:43:47.414310+00:00 [running]> on host 8f195762143d
[2021-08-16 15:47:43,909] {taskinstance.py:1257} INFO - Exporting the following env vars:
AIRFLOW_CTX_DAG_OWNER=airflow
AIRFLOW_CTX_DAG_ID=example_complex
AIRFLOW_CTX_TASK_ID=delete_tag
AIRFLOW_CTX_EXECUTION_DATE=2021-08-16T15:43:47.414310+00:00
AIRFLOW_CTX_DAG_RUN_ID=manual__2021-08-16T15:43:47.414310+00:00
[2021-08-16 15:47:43,915] {bash.py:135} INFO - Tmp dir root location: 
 /tmp
[2021-08-16 15:47:43,918] {bash.py:158} INFO - Running command: echo delete_tag
[2021-08-16 15:47:43,960] {bash.py:169} INFO - Output:
[2021-08-16 15:47:43,963] {bash.py:173} INFO - delete_tag
[2021-08-16 15:47:43,966] {bash.py:177} INFO - Command exited with return code 0
[2021-08-16 15:47:44,014] {taskinstance.py:1166} INFO - Marking task as SUCCESS. dag_id=example_complex, task_id=delete_tag, execution_date=20210816T154347, start_date=20210816T154743, end_date=20210816T154744
[2021-08-16 15:47:44,948] {taskinstance.py:1220} INFO - 1 downstream tasks scheduled from follow-on schedule check
[2021-08-16 15:47:45,057] {local_task_job.py:146} INFO - Task exited with return code 0
