[2021-08-16 15:47:21,460] {taskinstance.py:851} INFO - Dependencies all met for <TaskInstance: example_complex.get_entry 2021-08-16T15:43:47.414310+00:00 [queued]>
[2021-08-16 15:47:21,646] {taskinstance.py:851} INFO - Dependencies all met for <TaskInstance: example_complex.get_entry 2021-08-16T15:43:47.414310+00:00 [queued]>
[2021-08-16 15:47:21,666] {taskinstance.py:1042} INFO - 
--------------------------------------------------------------------------------
[2021-08-16 15:47:21,668] {taskinstance.py:1043} INFO - Starting attempt 1 of 1
[2021-08-16 15:47:21,669] {taskinstance.py:1044} INFO - 
--------------------------------------------------------------------------------
[2021-08-16 15:47:21,754] {taskinstance.py:1063} INFO - Executing <Task(BashOperator): get_entry> on 2021-08-16T15:43:47.414310+00:00
[2021-08-16 15:47:21,831] {standard_task_runner.py:76} INFO - Running: ['airflow', 'tasks', 'run', 'example_complex', 'get_entry', '2021-08-16T15:43:47.414310+00:00', '--job-id', '31', '--pool', 'default_pool', '--raw', '--subdir', '/home/airflow/.local/lib/python3.6/site-packages/airflow/example_dags/example_complex.py', '--cfg-path', '/tmp/tmpv8lf75dp', '--error-file', '/tmp/tmpsd3ubz2q']
[2021-08-16 15:47:21,847] {standard_task_runner.py:77} INFO - Job 31: Subtask get_entry
[2021-08-16 15:47:21,813] {standard_task_runner.py:52} INFO - Started process 384 to run task
[2021-08-16 15:47:22,195] {logging_mixin.py:104} INFO - Running <TaskInstance: example_complex.get_entry 2021-08-16T15:43:47.414310+00:00 [running]> on host 8f195762143d
[2021-08-16 15:47:22,591] {taskinstance.py:1257} INFO - Exporting the following env vars:
AIRFLOW_CTX_DAG_OWNER=airflow
AIRFLOW_CTX_DAG_ID=example_complex
AIRFLOW_CTX_TASK_ID=get_entry
AIRFLOW_CTX_EXECUTION_DATE=2021-08-16T15:43:47.414310+00:00
AIRFLOW_CTX_DAG_RUN_ID=manual__2021-08-16T15:43:47.414310+00:00
[2021-08-16 15:47:22,610] {bash.py:135} INFO - Tmp dir root location: 
 /tmp
[2021-08-16 15:47:22,620] {bash.py:158} INFO - Running command: echo get_entry
[2021-08-16 15:47:22,679] {bash.py:169} INFO - Output:
[2021-08-16 15:47:22,680] {bash.py:173} INFO - get_entry
[2021-08-16 15:47:22,681] {bash.py:177} INFO - Command exited with return code 0
[2021-08-16 15:47:22,742] {taskinstance.py:1166} INFO - Marking task as SUCCESS. dag_id=example_complex, task_id=get_entry, execution_date=20210816T154347, start_date=20210816T154721, end_date=20210816T154722
[2021-08-16 15:47:22,873] {taskinstance.py:1220} INFO - 1 downstream tasks scheduled from follow-on schedule check
[2021-08-16 15:47:22,945] {local_task_job.py:146} INFO - Task exited with return code 0
