[2021-08-16 15:47:34,391] {taskinstance.py:851} INFO - Dependencies all met for <TaskInstance: example_complex.update_tag_template_field 2021-08-16T15:43:47.414310+00:00 [queued]>
[2021-08-16 15:47:34,466] {taskinstance.py:851} INFO - Dependencies all met for <TaskInstance: example_complex.update_tag_template_field 2021-08-16T15:43:47.414310+00:00 [queued]>
[2021-08-16 15:47:34,468] {taskinstance.py:1042} INFO - 
--------------------------------------------------------------------------------
[2021-08-16 15:47:34,469] {taskinstance.py:1043} INFO - Starting attempt 1 of 1
[2021-08-16 15:47:34,477] {taskinstance.py:1044} INFO - 
--------------------------------------------------------------------------------
[2021-08-16 15:47:34,526] {taskinstance.py:1063} INFO - Executing <Task(BashOperator): update_tag_template_field> on 2021-08-16T15:43:47.414310+00:00
[2021-08-16 15:47:34,557] {standard_task_runner.py:52} INFO - Started process 437 to run task
[2021-08-16 15:47:34,579] {standard_task_runner.py:76} INFO - Running: ['airflow', 'tasks', 'run', 'example_complex', 'update_tag_template_field', '2021-08-16T15:43:47.414310+00:00', '--job-id', '46', '--pool', 'default_pool', '--raw', '--subdir', '/home/airflow/.local/lib/python3.6/site-packages/airflow/example_dags/example_complex.py', '--cfg-path', '/tmp/tmpj7hq6kio', '--error-file', '/tmp/tmpct5ydao6']
[2021-08-16 15:47:34,592] {standard_task_runner.py:77} INFO - Job 46: Subtask update_tag_template_field
[2021-08-16 15:47:34,744] {logging_mixin.py:104} INFO - Running <TaskInstance: example_complex.update_tag_template_field 2021-08-16T15:43:47.414310+00:00 [running]> on host 8f195762143d
[2021-08-16 15:47:34,973] {taskinstance.py:1257} INFO - Exporting the following env vars:
AIRFLOW_CTX_DAG_OWNER=airflow
AIRFLOW_CTX_DAG_ID=example_complex
AIRFLOW_CTX_TASK_ID=update_tag_template_field
AIRFLOW_CTX_EXECUTION_DATE=2021-08-16T15:43:47.414310+00:00
AIRFLOW_CTX_DAG_RUN_ID=manual__2021-08-16T15:43:47.414310+00:00
[2021-08-16 15:47:34,983] {bash.py:135} INFO - Tmp dir root location: 
 /tmp
[2021-08-16 15:47:34,988] {bash.py:158} INFO - Running command: echo update_tag_template_field
[2021-08-16 15:47:35,053] {bash.py:169} INFO - Output:
[2021-08-16 15:47:35,054] {bash.py:173} INFO - update_tag_template_field
[2021-08-16 15:47:35,056] {bash.py:177} INFO - Command exited with return code 0
[2021-08-16 15:47:35,144] {taskinstance.py:1166} INFO - Marking task as SUCCESS. dag_id=example_complex, task_id=update_tag_template_field, execution_date=20210816T154347, start_date=20210816T154734, end_date=20210816T154735
[2021-08-16 15:47:35,272] {taskinstance.py:1220} INFO - 1 downstream tasks scheduled from follow-on schedule check
[2021-08-16 15:47:35,351] {local_task_job.py:146} INFO - Task exited with return code 0
