[2021-08-16 15:47:45,845] {taskinstance.py:851} INFO - Dependencies all met for <TaskInstance: example_branch_dop_operator_v3.condition 2021-08-14T00:08:00+00:00 [queued]>
[2021-08-16 15:47:45,873] {taskinstance.py:851} INFO - Dependencies all met for <TaskInstance: example_branch_dop_operator_v3.condition 2021-08-14T00:08:00+00:00 [queued]>
[2021-08-16 15:47:45,874] {taskinstance.py:1042} INFO - 
--------------------------------------------------------------------------------
[2021-08-16 15:47:45,874] {taskinstance.py:1043} INFO - Starting attempt 1 of 1
[2021-08-16 15:47:45,874] {taskinstance.py:1044} INFO - 
--------------------------------------------------------------------------------
[2021-08-16 15:47:45,886] {taskinstance.py:1063} INFO - Executing <Task(BranchPythonOperator): condition> on 2021-08-14T00:08:00+00:00
[2021-08-16 15:47:45,898] {standard_task_runner.py:76} INFO - Running: ['airflow', 'tasks', 'run', 'example_branch_dop_operator_v3', 'condition', '2021-08-14T00:08:00+00:00', '--job-id', '63', '--pool', 'default_pool', '--raw', '--subdir', '/home/airflow/.local/lib/python3.6/site-packages/airflow/example_dags/example_branch_python_dop_operator_3.py', '--cfg-path', '/tmp/tmpba6v9wdl', '--error-file', '/tmp/tmp1ka6gbe0']
[2021-08-16 15:47:45,897] {standard_task_runner.py:52} INFO - Started process 483 to run task
[2021-08-16 15:47:45,901] {standard_task_runner.py:77} INFO - Job 63: Subtask condition
[2021-08-16 15:47:45,951] {logging_mixin.py:104} INFO - Running <TaskInstance: example_branch_dop_operator_v3.condition 2021-08-14T00:08:00+00:00 [running]> on host 8f195762143d
[2021-08-16 15:47:45,986] {taskinstance.py:1257} INFO - Exporting the following env vars:
AIRFLOW_CTX_DAG_OWNER=airflow
AIRFLOW_CTX_DAG_ID=example_branch_dop_operator_v3
AIRFLOW_CTX_TASK_ID=condition
AIRFLOW_CTX_EXECUTION_DATE=2021-08-14T00:08:00+00:00
AIRFLOW_CTX_DAG_RUN_ID=scheduled__2021-08-14T00:08:00+00:00
[2021-08-16 15:47:45,987] {logging_mixin.py:104} INFO - ------------- exec dttm = 2021-08-14T00:08:00+00:00 and minute = 8
[2021-08-16 15:47:45,987] {python.py:118} INFO - Done. Returned value was: dummy_task_1
[2021-08-16 15:47:45,989] {skipmixin.py:124} INFO - Following branch dummy_task_1
[2021-08-16 15:47:45,995] {skipmixin.py:155} INFO - Skipping tasks ['dummy_task_2']
[2021-08-16 15:47:46,030] {taskinstance.py:1166} INFO - Marking task as SUCCESS. dag_id=example_branch_dop_operator_v3, task_id=condition, execution_date=20210814T000800, start_date=20210816T154745, end_date=20210816T154746
[2021-08-16 15:47:46,182] {taskinstance.py:1220} INFO - 0 downstream tasks scheduled from follow-on schedule check
[2021-08-16 15:47:46,196] {local_task_job.py:146} INFO - Task exited with return code 0
