[2021-08-16 15:47:07,224] {taskinstance.py:851} INFO - Dependencies all met for <TaskInstance: example_bash_operator.runme_2 2021-08-14T00:00:00+00:00 [queued]>
[2021-08-16 15:47:07,412] {taskinstance.py:851} INFO - Dependencies all met for <TaskInstance: example_bash_operator.runme_2 2021-08-14T00:00:00+00:00 [queued]>
[2021-08-16 15:47:07,427] {taskinstance.py:1042} INFO - 
--------------------------------------------------------------------------------
[2021-08-16 15:47:07,441] {taskinstance.py:1043} INFO - Starting attempt 1 of 1
[2021-08-16 15:47:07,441] {taskinstance.py:1044} INFO - 
--------------------------------------------------------------------------------
[2021-08-16 15:47:07,590] {taskinstance.py:1063} INFO - Executing <Task(BashOperator): runme_2> on 2021-08-14T00:00:00+00:00
[2021-08-16 15:47:07,653] {standard_task_runner.py:52} INFO - Started process 316 to run task
[2021-08-16 15:47:07,720] {standard_task_runner.py:76} INFO - Running: ['airflow', 'tasks', 'run', 'example_bash_operator', 'runme_2', '2021-08-14T00:00:00+00:00', '--job-id', '8', '--pool', 'default_pool', '--raw', '--subdir', '/home/airflow/.local/lib/python3.6/site-packages/airflow/example_dags/example_bash_operator.py', '--cfg-path', '/tmp/tmp7qjchs78', '--error-file', '/tmp/tmpzf6affrw']
[2021-08-16 15:47:07,725] {standard_task_runner.py:77} INFO - Job 8: Subtask runme_2
[2021-08-16 15:47:08,184] {logging_mixin.py:104} INFO - Running <TaskInstance: example_bash_operator.runme_2 2021-08-14T00:00:00+00:00 [running]> on host 8f195762143d
[2021-08-16 15:47:08,574] {taskinstance.py:1257} INFO - Exporting the following env vars:
AIRFLOW_CTX_DAG_OWNER=airflow
AIRFLOW_CTX_DAG_ID=example_bash_operator
AIRFLOW_CTX_TASK_ID=runme_2
AIRFLOW_CTX_EXECUTION_DATE=2021-08-14T00:00:00+00:00
AIRFLOW_CTX_DAG_RUN_ID=scheduled__2021-08-14T00:00:00+00:00
[2021-08-16 15:47:08,585] {bash.py:135} INFO - Tmp dir root location: 
 /tmp
[2021-08-16 15:47:08,587] {bash.py:158} INFO - Running command: echo "example_bash_operator__runme_2__20210814" && sleep 1
[2021-08-16 15:47:08,713] {bash.py:169} INFO - Output:
[2021-08-16 15:47:08,748] {bash.py:173} INFO - example_bash_operator__runme_2__20210814
[2021-08-16 15:47:09,751] {bash.py:177} INFO - Command exited with return code 0
[2021-08-16 15:47:09,944] {taskinstance.py:1166} INFO - Marking task as SUCCESS. dag_id=example_bash_operator, task_id=runme_2, execution_date=20210814T000000, start_date=20210816T154707, end_date=20210816T154709
[2021-08-16 15:47:10,217] {taskinstance.py:1220} INFO - 1 downstream tasks scheduled from follow-on schedule check
[2021-08-16 15:47:10,402] {local_task_job.py:146} INFO - Task exited with return code 0
