[2021-08-16 15:47:09,303] {taskinstance.py:851} INFO - Dependencies all met for <TaskInstance: example_branch_dop_operator_v3.condition 2021-08-14T00:00:00+00:00 [queued]>
[2021-08-16 15:47:09,508] {taskinstance.py:851} INFO - Dependencies all met for <TaskInstance: example_branch_dop_operator_v3.condition 2021-08-14T00:00:00+00:00 [queued]>
[2021-08-16 15:47:09,509] {taskinstance.py:1042} INFO - 
--------------------------------------------------------------------------------
[2021-08-16 15:47:09,511] {taskinstance.py:1043} INFO - Starting attempt 1 of 1
[2021-08-16 15:47:09,512] {taskinstance.py:1044} INFO - 
--------------------------------------------------------------------------------
[2021-08-16 15:47:09,709] {taskinstance.py:1063} INFO - Executing <Task(BranchPythonOperator): condition> on 2021-08-14T00:00:00+00:00
[2021-08-16 15:47:09,781] {standard_task_runner.py:52} INFO - Started process 332 to run task
[2021-08-16 15:47:09,823] {standard_task_runner.py:76} INFO - Running: ['airflow', 'tasks', 'run', 'example_branch_dop_operator_v3', 'condition', '2021-08-14T00:00:00+00:00', '--job-id', '16', '--pool', 'default_pool', '--raw', '--subdir', '/home/airflow/.local/lib/python3.6/site-packages/airflow/example_dags/example_branch_python_dop_operator_3.py', '--cfg-path', '/tmp/tmphlg2xwn3', '--error-file', '/tmp/tmpdnb2hsty']
[2021-08-16 15:47:09,828] {standard_task_runner.py:77} INFO - Job 16: Subtask condition
[2021-08-16 15:47:10,278] {logging_mixin.py:104} INFO - Running <TaskInstance: example_branch_dop_operator_v3.condition 2021-08-14T00:00:00+00:00 [running]> on host 8f195762143d
[2021-08-16 15:47:10,651] {taskinstance.py:1257} INFO - Exporting the following env vars:
AIRFLOW_CTX_DAG_OWNER=airflow
AIRFLOW_CTX_DAG_ID=example_branch_dop_operator_v3
AIRFLOW_CTX_TASK_ID=condition
AIRFLOW_CTX_EXECUTION_DATE=2021-08-14T00:00:00+00:00
AIRFLOW_CTX_DAG_RUN_ID=scheduled__2021-08-14T00:00:00+00:00
[2021-08-16 15:47:10,663] {logging_mixin.py:104} INFO - ------------- exec dttm = 2021-08-14T00:00:00+00:00 and minute = 0
[2021-08-16 15:47:10,664] {python.py:118} INFO - Done. Returned value was: dummy_task_1
[2021-08-16 15:47:10,667] {skipmixin.py:124} INFO - Following branch dummy_task_1
[2021-08-16 15:47:10,692] {skipmixin.py:155} INFO - Skipping tasks ['dummy_task_2']
[2021-08-16 15:47:10,865] {taskinstance.py:1166} INFO - Marking task as SUCCESS. dag_id=example_branch_dop_operator_v3, task_id=condition, execution_date=20210814T000000, start_date=20210816T154709, end_date=20210816T154710
[2021-08-16 15:47:11,244] {taskinstance.py:1220} INFO - 1 downstream tasks scheduled from follow-on schedule check
[2021-08-16 15:47:11,418] {local_task_job.py:146} INFO - Task exited with return code 0
