[2021-08-16 15:47:54,719] {taskinstance.py:851} INFO - Dependencies all met for <TaskInstance: example_branch_dop_operator_v3.condition 2021-08-14T00:11:00+00:00 [queued]>
[2021-08-16 15:47:54,763] {taskinstance.py:851} INFO - Dependencies all met for <TaskInstance: example_branch_dop_operator_v3.condition 2021-08-14T00:11:00+00:00 [queued]>
[2021-08-16 15:47:54,769] {taskinstance.py:1042} INFO - 
--------------------------------------------------------------------------------
[2021-08-16 15:47:54,770] {taskinstance.py:1043} INFO - Starting attempt 1 of 1
[2021-08-16 15:47:54,770] {taskinstance.py:1044} INFO - 
--------------------------------------------------------------------------------
[2021-08-16 15:47:54,779] {taskinstance.py:1063} INFO - Executing <Task(BranchPythonOperator): condition> on 2021-08-14T00:11:00+00:00
[2021-08-16 15:47:54,787] {standard_task_runner.py:52} INFO - Started process 507 to run task
[2021-08-16 15:47:54,812] {standard_task_runner.py:76} INFO - Running: ['airflow', 'tasks', 'run', 'example_branch_dop_operator_v3', 'condition', '2021-08-14T00:11:00+00:00', '--job-id', '69', '--pool', 'default_pool', '--raw', '--subdir', '/home/airflow/.local/lib/python3.6/site-packages/airflow/example_dags/example_branch_python_dop_operator_3.py', '--cfg-path', '/tmp/tmprp2mbcme', '--error-file', '/tmp/tmpn426yb4r']
[2021-08-16 15:47:54,819] {standard_task_runner.py:77} INFO - Job 69: Subtask condition
[2021-08-16 15:47:54,932] {logging_mixin.py:104} INFO - Running <TaskInstance: example_branch_dop_operator_v3.condition 2021-08-14T00:11:00+00:00 [running]> on host 8f195762143d
[2021-08-16 15:47:55,040] {taskinstance.py:1257} INFO - Exporting the following env vars:
AIRFLOW_CTX_DAG_OWNER=airflow
AIRFLOW_CTX_DAG_ID=example_branch_dop_operator_v3
AIRFLOW_CTX_TASK_ID=condition
AIRFLOW_CTX_EXECUTION_DATE=2021-08-14T00:11:00+00:00
AIRFLOW_CTX_DAG_RUN_ID=scheduled__2021-08-14T00:11:00+00:00
[2021-08-16 15:47:55,047] {logging_mixin.py:104} INFO - ------------- exec dttm = 2021-08-14T00:11:00+00:00 and minute = 11
[2021-08-16 15:47:55,055] {python.py:118} INFO - Done. Returned value was: dummy_task_2
[2021-08-16 15:47:55,064] {skipmixin.py:124} INFO - Following branch dummy_task_2
[2021-08-16 15:47:55,070] {skipmixin.py:155} INFO - Skipping tasks ['dummy_task_1']
[2021-08-16 15:47:55,199] {taskinstance.py:1166} INFO - Marking task as SUCCESS. dag_id=example_branch_dop_operator_v3, task_id=condition, execution_date=20210814T001100, start_date=20210816T154754, end_date=20210816T154755
[2021-08-16 15:47:55,586] {taskinstance.py:1220} INFO - 1 downstream tasks scheduled from follow-on schedule check
[2021-08-16 15:47:55,660] {local_task_job.py:146} INFO - Task exited with return code 0
