[2021-08-16 15:47:21,641] {taskinstance.py:851} INFO - Dependencies all met for <TaskInstance: example_complex.lookup_entry 2021-08-16T15:43:47.414310+00:00 [queued]>
[2021-08-16 15:47:21,794] {taskinstance.py:851} INFO - Dependencies all met for <TaskInstance: example_complex.lookup_entry 2021-08-16T15:43:47.414310+00:00 [queued]>
[2021-08-16 15:47:21,800] {taskinstance.py:1042} INFO - 
--------------------------------------------------------------------------------
[2021-08-16 15:47:21,802] {taskinstance.py:1043} INFO - Starting attempt 1 of 1
[2021-08-16 15:47:21,803] {taskinstance.py:1044} INFO - 
--------------------------------------------------------------------------------
[2021-08-16 15:47:21,923] {taskinstance.py:1063} INFO - Executing <Task(BashOperator): lookup_entry> on 2021-08-16T15:43:47.414310+00:00
[2021-08-16 15:47:21,989] {standard_task_runner.py:52} INFO - Started process 387 to run task
[2021-08-16 15:47:22,016] {standard_task_runner.py:76} INFO - Running: ['airflow', 'tasks', 'run', 'example_complex', 'lookup_entry', '2021-08-16T15:43:47.414310+00:00', '--job-id', '34', '--pool', 'default_pool', '--raw', '--subdir', '/home/airflow/.local/lib/python3.6/site-packages/airflow/example_dags/example_complex.py', '--cfg-path', '/tmp/tmp0e2vnhku', '--error-file', '/tmp/tmp3b5tc98i']
[2021-08-16 15:47:22,027] {standard_task_runner.py:77} INFO - Job 34: Subtask lookup_entry
[2021-08-16 15:47:22,376] {logging_mixin.py:104} INFO - Running <TaskInstance: example_complex.lookup_entry 2021-08-16T15:43:47.414310+00:00 [running]> on host 8f195762143d
[2021-08-16 15:47:22,653] {taskinstance.py:1257} INFO - Exporting the following env vars:
AIRFLOW_CTX_DAG_OWNER=airflow
AIRFLOW_CTX_DAG_ID=example_complex
AIRFLOW_CTX_TASK_ID=lookup_entry
AIRFLOW_CTX_EXECUTION_DATE=2021-08-16T15:43:47.414310+00:00
AIRFLOW_CTX_DAG_RUN_ID=manual__2021-08-16T15:43:47.414310+00:00
[2021-08-16 15:47:22,655] {bash.py:135} INFO - Tmp dir root location: 
 /tmp
[2021-08-16 15:47:22,661] {bash.py:158} INFO - Running command: echo lookup_entry
[2021-08-16 15:47:22,771] {bash.py:169} INFO - Output:
[2021-08-16 15:47:22,788] {bash.py:173} INFO - lookup_entry
[2021-08-16 15:47:22,791] {bash.py:177} INFO - Command exited with return code 0
[2021-08-16 15:47:22,858] {taskinstance.py:1166} INFO - Marking task as SUCCESS. dag_id=example_complex, task_id=lookup_entry, execution_date=20210816T154347, start_date=20210816T154721, end_date=20210816T154722
[2021-08-16 15:47:23,014] {taskinstance.py:1220} INFO - 1 downstream tasks scheduled from follow-on schedule check
[2021-08-16 15:47:23,067] {local_task_job.py:146} INFO - Task exited with return code 0
