[2021-08-16 15:47:43,659] {taskinstance.py:851} INFO - Dependencies all met for <TaskInstance: example_complex.search_catalog_result 2021-08-16T15:43:47.414310+00:00 [queued]>
[2021-08-16 15:47:43,698] {taskinstance.py:851} INFO - Dependencies all met for <TaskInstance: example_complex.search_catalog_result 2021-08-16T15:43:47.414310+00:00 [queued]>
[2021-08-16 15:47:43,707] {taskinstance.py:1042} INFO - 
--------------------------------------------------------------------------------
[2021-08-16 15:47:43,708] {taskinstance.py:1043} INFO - Starting attempt 1 of 1
[2021-08-16 15:47:43,714] {taskinstance.py:1044} INFO - 
--------------------------------------------------------------------------------
[2021-08-16 15:47:43,740] {taskinstance.py:1063} INFO - Executing <Task(BashOperator): search_catalog_result> on 2021-08-16T15:43:47.414310+00:00
[2021-08-16 15:47:43,761] {standard_task_runner.py:52} INFO - Started process 476 to run task
[2021-08-16 15:47:43,783] {standard_task_runner.py:76} INFO - Running: ['airflow', 'tasks', 'run', 'example_complex', 'search_catalog_result', '2021-08-16T15:43:47.414310+00:00', '--job-id', '61', '--pool', 'default_pool', '--raw', '--subdir', '/home/airflow/.local/lib/python3.6/site-packages/airflow/example_dags/example_complex.py', '--cfg-path', '/tmp/tmptwybuqbn', '--error-file', '/tmp/tmpp363sfpj']
[2021-08-16 15:47:43,788] {standard_task_runner.py:77} INFO - Job 61: Subtask search_catalog_result
[2021-08-16 15:47:43,922] {logging_mixin.py:104} INFO - Running <TaskInstance: example_complex.search_catalog_result 2021-08-16T15:43:47.414310+00:00 [running]> on host 8f195762143d
[2021-08-16 15:47:44,111] {taskinstance.py:1257} INFO - Exporting the following env vars:
AIRFLOW_CTX_DAG_OWNER=airflow
AIRFLOW_CTX_DAG_ID=example_complex
AIRFLOW_CTX_TASK_ID=search_catalog_result
AIRFLOW_CTX_EXECUTION_DATE=2021-08-16T15:43:47.414310+00:00
AIRFLOW_CTX_DAG_RUN_ID=manual__2021-08-16T15:43:47.414310+00:00
[2021-08-16 15:47:44,112] {bash.py:135} INFO - Tmp dir root location: 
 /tmp
[2021-08-16 15:47:44,116] {bash.py:158} INFO - Running command: echo search_catalog_result
[2021-08-16 15:47:44,192] {bash.py:169} INFO - Output:
[2021-08-16 15:47:44,194] {bash.py:173} INFO - search_catalog_result
[2021-08-16 15:47:44,199] {bash.py:177} INFO - Command exited with return code 0
[2021-08-16 15:47:44,247] {taskinstance.py:1166} INFO - Marking task as SUCCESS. dag_id=example_complex, task_id=search_catalog_result, execution_date=20210816T154347, start_date=20210816T154743, end_date=20210816T154744
[2021-08-16 15:47:44,961] {taskinstance.py:1220} INFO - 0 downstream tasks scheduled from follow-on schedule check
[2021-08-16 15:47:45,099] {local_task_job.py:146} INFO - Task exited with return code 0
