[2021-08-16 15:47:40,275] {taskinstance.py:851} INFO - Dependencies all met for <TaskInstance: example_complex.list_tags 2021-08-16T15:43:47.414310+00:00 [queued]>
[2021-08-16 15:47:40,391] {taskinstance.py:851} INFO - Dependencies all met for <TaskInstance: example_complex.list_tags 2021-08-16T15:43:47.414310+00:00 [queued]>
[2021-08-16 15:47:40,395] {taskinstance.py:1042} INFO - 
--------------------------------------------------------------------------------
[2021-08-16 15:47:40,396] {taskinstance.py:1043} INFO - Starting attempt 1 of 1
[2021-08-16 15:47:40,397] {taskinstance.py:1044} INFO - 
--------------------------------------------------------------------------------
[2021-08-16 15:47:40,435] {taskinstance.py:1063} INFO - Executing <Task(BashOperator): list_tags> on 2021-08-16T15:43:47.414310+00:00
[2021-08-16 15:47:40,468] {standard_task_runner.py:52} INFO - Started process 463 to run task
[2021-08-16 15:47:40,488] {standard_task_runner.py:76} INFO - Running: ['airflow', 'tasks', 'run', 'example_complex', 'list_tags', '2021-08-16T15:43:47.414310+00:00', '--job-id', '56', '--pool', 'default_pool', '--raw', '--subdir', '/home/airflow/.local/lib/python3.6/site-packages/airflow/example_dags/example_complex.py', '--cfg-path', '/tmp/tmph8izyijh', '--error-file', '/tmp/tmpjdfnba6x']
[2021-08-16 15:47:40,494] {standard_task_runner.py:77} INFO - Job 56: Subtask list_tags
[2021-08-16 15:47:40,629] {logging_mixin.py:104} INFO - Running <TaskInstance: example_complex.list_tags 2021-08-16T15:43:47.414310+00:00 [running]> on host 8f195762143d
[2021-08-16 15:47:40,782] {taskinstance.py:1257} INFO - Exporting the following env vars:
AIRFLOW_CTX_DAG_OWNER=airflow
AIRFLOW_CTX_DAG_ID=example_complex
AIRFLOW_CTX_TASK_ID=list_tags
AIRFLOW_CTX_EXECUTION_DATE=2021-08-16T15:43:47.414310+00:00
AIRFLOW_CTX_DAG_RUN_ID=manual__2021-08-16T15:43:47.414310+00:00
[2021-08-16 15:47:40,786] {bash.py:135} INFO - Tmp dir root location: 
 /tmp
[2021-08-16 15:47:40,799] {bash.py:158} INFO - Running command: echo list_tags
[2021-08-16 15:47:40,857] {bash.py:169} INFO - Output:
[2021-08-16 15:47:40,861] {bash.py:173} INFO - list_tags
[2021-08-16 15:47:40,867] {bash.py:177} INFO - Command exited with return code 0
[2021-08-16 15:47:40,939] {taskinstance.py:1166} INFO - Marking task as SUCCESS. dag_id=example_complex, task_id=list_tags, execution_date=20210816T154347, start_date=20210816T154740, end_date=20210816T154740
[2021-08-16 15:47:41,002] {taskinstance.py:1220} INFO - 2 downstream tasks scheduled from follow-on schedule check
[2021-08-16 15:47:41,077] {local_task_job.py:146} INFO - Task exited with return code 0
