[2021-08-16 15:47:07,928] {taskinstance.py:851} INFO - Dependencies all met for <TaskInstance: example_bash_operator.runme_1 2021-08-15T00:00:00+00:00 [queued]>
[2021-08-16 15:47:08,100] {taskinstance.py:851} INFO - Dependencies all met for <TaskInstance: example_bash_operator.runme_1 2021-08-15T00:00:00+00:00 [queued]>
[2021-08-16 15:47:08,111] {taskinstance.py:1042} INFO - 
--------------------------------------------------------------------------------
[2021-08-16 15:47:08,116] {taskinstance.py:1043} INFO - Starting attempt 1 of 1
[2021-08-16 15:47:08,117] {taskinstance.py:1044} INFO - 
--------------------------------------------------------------------------------
[2021-08-16 15:47:08,229] {taskinstance.py:1063} INFO - Executing <Task(BashOperator): runme_1> on 2021-08-15T00:00:00+00:00
[2021-08-16 15:47:08,315] {standard_task_runner.py:76} INFO - Running: ['airflow', 'tasks', 'run', 'example_bash_operator', 'runme_1', '2021-08-15T00:00:00+00:00', '--job-id', '15', '--pool', 'default_pool', '--raw', '--subdir', '/home/airflow/.local/lib/python3.6/site-packages/airflow/example_dags/example_bash_operator.py', '--cfg-path', '/tmp/tmpw4r3jd9c', '--error-file', '/tmp/tmpn2qnkw2s']
[2021-08-16 15:47:08,324] {standard_task_runner.py:77} INFO - Job 15: Subtask runme_1
[2021-08-16 15:47:08,301] {standard_task_runner.py:52} INFO - Started process 323 to run task
[2021-08-16 15:47:08,717] {logging_mixin.py:104} INFO - Running <TaskInstance: example_bash_operator.runme_1 2021-08-15T00:00:00+00:00 [running]> on host 8f195762143d
[2021-08-16 15:47:09,150] {taskinstance.py:1257} INFO - Exporting the following env vars:
AIRFLOW_CTX_DAG_OWNER=airflow
AIRFLOW_CTX_DAG_ID=example_bash_operator
AIRFLOW_CTX_TASK_ID=runme_1
AIRFLOW_CTX_EXECUTION_DATE=2021-08-15T00:00:00+00:00
AIRFLOW_CTX_DAG_RUN_ID=scheduled__2021-08-15T00:00:00+00:00
[2021-08-16 15:47:09,167] {bash.py:135} INFO - Tmp dir root location: 
 /tmp
[2021-08-16 15:47:09,183] {bash.py:158} INFO - Running command: echo "example_bash_operator__runme_1__20210815" && sleep 1
[2021-08-16 15:47:09,296] {bash.py:169} INFO - Output:
[2021-08-16 15:47:09,341] {bash.py:173} INFO - example_bash_operator__runme_1__20210815
[2021-08-16 15:47:10,356] {bash.py:177} INFO - Command exited with return code 0
[2021-08-16 15:47:10,503] {taskinstance.py:1166} INFO - Marking task as SUCCESS. dag_id=example_bash_operator, task_id=runme_1, execution_date=20210815T000000, start_date=20210816T154707, end_date=20210816T154710
[2021-08-16 15:47:11,179] {taskinstance.py:1220} INFO - 0 downstream tasks scheduled from follow-on schedule check
[2021-08-16 15:47:11,249] {local_task_job.py:146} INFO - Task exited with return code 0
