[2021-08-16 15:47:14,768] {taskinstance.py:851} INFO - Dependencies all met for <TaskInstance: example_complex.create_entry_group_result 2021-08-16T15:43:47.414310+00:00 [queued]>
[2021-08-16 15:47:14,917] {taskinstance.py:851} INFO - Dependencies all met for <TaskInstance: example_complex.create_entry_group_result 2021-08-16T15:43:47.414310+00:00 [queued]>
[2021-08-16 15:47:14,933] {taskinstance.py:1042} INFO - 
--------------------------------------------------------------------------------
[2021-08-16 15:47:14,934] {taskinstance.py:1043} INFO - Starting attempt 1 of 1
[2021-08-16 15:47:14,934] {taskinstance.py:1044} INFO - 
--------------------------------------------------------------------------------
[2021-08-16 15:47:15,078] {taskinstance.py:1063} INFO - Executing <Task(BashOperator): create_entry_group_result> on 2021-08-16T15:43:47.414310+00:00
[2021-08-16 15:47:15,215] {standard_task_runner.py:76} INFO - Running: ['airflow', 'tasks', 'run', 'example_complex', 'create_entry_group_result', '2021-08-16T15:43:47.414310+00:00', '--job-id', '26', '--pool', 'default_pool', '--raw', '--subdir', '/home/airflow/.local/lib/python3.6/site-packages/airflow/example_dags/example_complex.py', '--cfg-path', '/tmp/tmpej7_qdm7', '--error-file', '/tmp/tmpbduw0sgh']
[2021-08-16 15:47:15,231] {standard_task_runner.py:77} INFO - Job 26: Subtask create_entry_group_result
[2021-08-16 15:47:15,164] {standard_task_runner.py:52} INFO - Started process 361 to run task
[2021-08-16 15:47:15,636] {logging_mixin.py:104} INFO - Running <TaskInstance: example_complex.create_entry_group_result 2021-08-16T15:43:47.414310+00:00 [running]> on host 8f195762143d
[2021-08-16 15:47:15,890] {taskinstance.py:1257} INFO - Exporting the following env vars:
AIRFLOW_CTX_DAG_OWNER=airflow
AIRFLOW_CTX_DAG_ID=example_complex
AIRFLOW_CTX_TASK_ID=create_entry_group_result
AIRFLOW_CTX_EXECUTION_DATE=2021-08-16T15:43:47.414310+00:00
AIRFLOW_CTX_DAG_RUN_ID=manual__2021-08-16T15:43:47.414310+00:00
[2021-08-16 15:47:15,894] {bash.py:135} INFO - Tmp dir root location: 
 /tmp
[2021-08-16 15:47:15,899] {bash.py:158} INFO - Running command: echo create_entry_group_result
[2021-08-16 15:47:15,992] {bash.py:169} INFO - Output:
[2021-08-16 15:47:16,001] {bash.py:173} INFO - create_entry_group_result
[2021-08-16 15:47:16,001] {bash.py:177} INFO - Command exited with return code 0
[2021-08-16 15:47:16,044] {taskinstance.py:1166} INFO - Marking task as SUCCESS. dag_id=example_complex, task_id=create_entry_group_result, execution_date=20210816T154347, start_date=20210816T154714, end_date=20210816T154716
[2021-08-16 15:47:16,779] {taskinstance.py:1220} INFO - 0 downstream tasks scheduled from follow-on schedule check
[2021-08-16 15:47:17,049] {local_task_job.py:146} INFO - Task exited with return code 0
