[2021-08-16 15:47:15,103] {taskinstance.py:851} INFO - Dependencies all met for <TaskInstance: example_branch_dop_operator_v3.condition 2021-08-14T00:01:00+00:00 [queued]>
[2021-08-16 15:47:15,465] {taskinstance.py:851} INFO - Dependencies all met for <TaskInstance: example_branch_dop_operator_v3.condition 2021-08-14T00:01:00+00:00 [queued]>
[2021-08-16 15:47:15,467] {taskinstance.py:1042} INFO - 
--------------------------------------------------------------------------------
[2021-08-16 15:47:15,467] {taskinstance.py:1043} INFO - Starting attempt 1 of 1
[2021-08-16 15:47:15,468] {taskinstance.py:1044} INFO - 
--------------------------------------------------------------------------------
[2021-08-16 15:47:15,608] {taskinstance.py:1063} INFO - Executing <Task(BranchPythonOperator): condition> on 2021-08-14T00:01:00+00:00
[2021-08-16 15:47:15,631] {standard_task_runner.py:52} INFO - Started process 365 to run task
[2021-08-16 15:47:15,685] {standard_task_runner.py:76} INFO - Running: ['airflow', 'tasks', 'run', 'example_branch_dop_operator_v3', 'condition', '2021-08-14T00:01:00+00:00', '--job-id', '28', '--pool', 'default_pool', '--raw', '--subdir', '/home/airflow/.local/lib/python3.6/site-packages/airflow/example_dags/example_branch_python_dop_operator_3.py', '--cfg-path', '/tmp/tmpkomcd7t3', '--error-file', '/tmp/tmpjqcemgqo']
[2021-08-16 15:47:15,703] {standard_task_runner.py:77} INFO - Job 28: Subtask condition
[2021-08-16 15:47:16,004] {logging_mixin.py:104} INFO - Running <TaskInstance: example_branch_dop_operator_v3.condition 2021-08-14T00:01:00+00:00 [running]> on host 8f195762143d
[2021-08-16 15:47:16,179] {taskinstance.py:1257} INFO - Exporting the following env vars:
AIRFLOW_CTX_DAG_OWNER=airflow
AIRFLOW_CTX_DAG_ID=example_branch_dop_operator_v3
AIRFLOW_CTX_TASK_ID=condition
AIRFLOW_CTX_EXECUTION_DATE=2021-08-14T00:01:00+00:00
AIRFLOW_CTX_DAG_RUN_ID=scheduled__2021-08-14T00:01:00+00:00
[2021-08-16 15:47:16,183] {logging_mixin.py:104} INFO - ------------- exec dttm = 2021-08-14T00:01:00+00:00 and minute = 1
[2021-08-16 15:47:16,184] {python.py:118} INFO - Done. Returned value was: dummy_task_2
[2021-08-16 15:47:16,185] {skipmixin.py:124} INFO - Following branch dummy_task_2
[2021-08-16 15:47:16,199] {skipmixin.py:155} INFO - Skipping tasks ['dummy_task_1']
[2021-08-16 15:47:16,270] {taskinstance.py:1166} INFO - Marking task as SUCCESS. dag_id=example_branch_dop_operator_v3, task_id=condition, execution_date=20210814T000100, start_date=20210816T154715, end_date=20210816T154716
[2021-08-16 15:47:16,536] {taskinstance.py:1220} INFO - 0 downstream tasks scheduled from follow-on schedule check
[2021-08-16 15:47:16,840] {local_task_job.py:146} INFO - Task exited with return code 0
