[2021-08-16 15:47:07,494] {taskinstance.py:851} INFO - Dependencies all met for <TaskInstance: example_bash_operator.also_run_this 2021-08-15T00:00:00+00:00 [queued]>
[2021-08-16 15:47:07,693] {taskinstance.py:851} INFO - Dependencies all met for <TaskInstance: example_bash_operator.also_run_this 2021-08-15T00:00:00+00:00 [queued]>
[2021-08-16 15:47:07,695] {taskinstance.py:1042} INFO - 
--------------------------------------------------------------------------------
[2021-08-16 15:47:07,696] {taskinstance.py:1043} INFO - Starting attempt 1 of 1
[2021-08-16 15:47:07,697] {taskinstance.py:1044} INFO - 
--------------------------------------------------------------------------------
[2021-08-16 15:47:07,800] {taskinstance.py:1063} INFO - Executing <Task(BashOperator): also_run_this> on 2021-08-15T00:00:00+00:00
[2021-08-16 15:47:07,873] {standard_task_runner.py:52} INFO - Started process 320 to run task
[2021-08-16 15:47:07,974] {standard_task_runner.py:76} INFO - Running: ['airflow', 'tasks', 'run', 'example_bash_operator', 'also_run_this', '2021-08-15T00:00:00+00:00', '--job-id', '13', '--pool', 'default_pool', '--raw', '--subdir', '/home/airflow/.local/lib/python3.6/site-packages/airflow/example_dags/example_bash_operator.py', '--cfg-path', '/tmp/tmp1p9ds02p', '--error-file', '/tmp/tmp5iskyv8r']
[2021-08-16 15:47:07,979] {standard_task_runner.py:77} INFO - Job 13: Subtask also_run_this
[2021-08-16 15:47:08,324] {logging_mixin.py:104} INFO - Running <TaskInstance: example_bash_operator.also_run_this 2021-08-15T00:00:00+00:00 [running]> on host 8f195762143d
[2021-08-16 15:47:08,706] {taskinstance.py:1257} INFO - Exporting the following env vars:
AIRFLOW_CTX_DAG_OWNER=airflow
AIRFLOW_CTX_DAG_ID=example_bash_operator
AIRFLOW_CTX_TASK_ID=also_run_this
AIRFLOW_CTX_EXECUTION_DATE=2021-08-15T00:00:00+00:00
AIRFLOW_CTX_DAG_RUN_ID=scheduled__2021-08-15T00:00:00+00:00
[2021-08-16 15:47:08,721] {bash.py:135} INFO - Tmp dir root location: 
 /tmp
[2021-08-16 15:47:08,737] {bash.py:158} INFO - Running command: echo "run_id=scheduled__2021-08-15T00:00:00+00:00 | dag_run=<DagRun example_bash_operator @ 2021-08-15 00:00:00+00:00: scheduled__2021-08-15T00:00:00+00:00, externally triggered: False>"
[2021-08-16 15:47:08,831] {bash.py:169} INFO - Output:
[2021-08-16 15:47:08,851] {bash.py:173} INFO - run_id=scheduled__2021-08-15T00:00:00+00:00 | dag_run=<DagRun example_bash_operator @ 2021-08-15 00:00:00+00:00: scheduled__2021-08-15T00:00:00+00:00, externally triggered: False>
[2021-08-16 15:47:08,863] {bash.py:177} INFO - Command exited with return code 0
[2021-08-16 15:47:08,998] {taskinstance.py:1166} INFO - Marking task as SUCCESS. dag_id=example_bash_operator, task_id=also_run_this, execution_date=20210815T000000, start_date=20210816T154707, end_date=20210816T154708
[2021-08-16 15:47:09,908] {taskinstance.py:1220} INFO - 0 downstream tasks scheduled from follow-on schedule check
[2021-08-16 15:47:10,013] {local_task_job.py:146} INFO - Task exited with return code 0
