[2021-08-16 15:49:24,696] {taskinstance.py:851} INFO - Dependencies all met for <TaskInstance: adam_email_dag_3.send_email 2021-08-16T15:48:49.403873+00:00 [queued]>
[2021-08-16 15:49:24,722] {taskinstance.py:851} INFO - Dependencies all met for <TaskInstance: adam_email_dag_3.send_email 2021-08-16T15:48:49.403873+00:00 [queued]>
[2021-08-16 15:49:24,723] {taskinstance.py:1042} INFO - 
--------------------------------------------------------------------------------
[2021-08-16 15:49:24,723] {taskinstance.py:1043} INFO - Starting attempt 1 of 1
[2021-08-16 15:49:24,724] {taskinstance.py:1044} INFO - 
--------------------------------------------------------------------------------
[2021-08-16 15:49:24,758] {taskinstance.py:1063} INFO - Executing <Task(PythonOperator): send_email> on 2021-08-16T15:48:49.403873+00:00
[2021-08-16 15:49:24,777] {standard_task_runner.py:52} INFO - Started process 592 to run task
[2021-08-16 15:49:24,821] {standard_task_runner.py:76} INFO - Running: ['airflow', 'tasks', 'run', 'adam_email_dag_3', 'send_email', '2021-08-16T15:48:49.403873+00:00', '--job-id', '90', '--pool', 'default_pool', '--raw', '--subdir', 'DAGS_FOLDER/adam-dag-2.py', '--cfg-path', '/tmp/tmpb35dqwt3', '--error-file', '/tmp/tmp5br43a2i']
[2021-08-16 15:49:24,822] {standard_task_runner.py:77} INFO - Job 90: Subtask send_email
[2021-08-16 15:49:25,115] {logging_mixin.py:104} INFO - Running <TaskInstance: adam_email_dag_3.send_email 2021-08-16T15:48:49.403873+00:00 [running]> on host 8f195762143d
[2021-08-16 15:49:25,280] {taskinstance.py:1257} INFO - Exporting the following env vars:
AIRFLOW_CTX_DAG_OWNER=airflow
AIRFLOW_CTX_DAG_ID=adam_email_dag_3
AIRFLOW_CTX_TASK_ID=send_email
AIRFLOW_CTX_EXECUTION_DATE=2021-08-16T15:48:49.403873+00:00
AIRFLOW_CTX_DAG_RUN_ID=manual__2021-08-16T15:48:49.403873+00:00
[2021-08-16 15:49:26,413] {logging_mixin.py:104} INFO - Email sent successfully!
[2021-08-16 15:49:26,531] {python.py:118} INFO - Done. Returned value was: None
[2021-08-16 15:49:26,855] {taskinstance.py:1166} INFO - Marking task as SUCCESS. dag_id=adam_email_dag_3, task_id=send_email, execution_date=20210816T154849, start_date=20210816T154924, end_date=20210816T154926
[2021-08-16 15:49:27,839] {taskinstance.py:1220} INFO - 0 downstream tasks scheduled from follow-on schedule check
[2021-08-16 15:49:27,912] {local_task_job.py:146} INFO - Task exited with return code 0
