[2021-08-17 16:04:22,885] {taskinstance.py:851} INFO - Dependencies all met for <TaskInstance: alison_bash_dag.templated 2021-08-16T00:00:00+00:00 [queued]>
[2021-08-17 16:04:22,900] {taskinstance.py:851} INFO - Dependencies all met for <TaskInstance: alison_bash_dag.templated 2021-08-16T00:00:00+00:00 [queued]>
[2021-08-17 16:04:22,901] {taskinstance.py:1042} INFO - 
--------------------------------------------------------------------------------
[2021-08-17 16:04:22,901] {taskinstance.py:1043} INFO - Starting attempt 1 of 1
[2021-08-17 16:04:22,901] {taskinstance.py:1044} INFO - 
--------------------------------------------------------------------------------
[2021-08-17 16:04:22,911] {taskinstance.py:1063} INFO - Executing <Task(BashOperator): templated> on 2021-08-16T00:00:00+00:00
[2021-08-17 16:04:22,924] {standard_task_runner.py:76} INFO - Running: ['airflow', 'tasks', 'run', 'alison_bash_dag', 'templated', '2021-08-16T00:00:00+00:00', '--job-id', '93', '--pool', 'default_pool', '--raw', '--subdir', 'DAGS_FOLDER/adam-dag.py', '--cfg-path', '/tmp/tmpfijayssr', '--error-file', '/tmp/tmp2qad0a_z']
[2021-08-17 16:04:22,926] {standard_task_runner.py:77} INFO - Job 93: Subtask templated
[2021-08-17 16:04:22,922] {standard_task_runner.py:52} INFO - Started process 53 to run task
[2021-08-17 16:04:22,972] {logging_mixin.py:104} INFO - Running <TaskInstance: alison_bash_dag.templated 2021-08-16T00:00:00+00:00 [running]> on host 69d5ef3babdf
[2021-08-17 16:04:23,024] {taskinstance.py:1257} INFO - Exporting the following env vars:
AIRFLOW_CTX_DAG_OWNER=airflow
AIRFLOW_CTX_DAG_ID=alison_bash_dag
AIRFLOW_CTX_TASK_ID=templated
AIRFLOW_CTX_EXECUTION_DATE=2021-08-16T00:00:00+00:00
AIRFLOW_CTX_DAG_RUN_ID=scheduled__2021-08-16T00:00:00+00:00
[2021-08-17 16:04:23,025] {bash.py:135} INFO - Tmp dir root location: 
 /tmp
[2021-08-17 16:04:23,025] {bash.py:158} INFO - Running command: 
mkdir adamdag
[2021-08-17 16:04:23,059] {bash.py:169} INFO - Output:
[2021-08-17 16:04:23,072] {bash.py:177} INFO - Command exited with return code 0
[2021-08-17 16:04:23,112] {taskinstance.py:1166} INFO - Marking task as SUCCESS. dag_id=alison_bash_dag, task_id=templated, execution_date=20210816T000000, start_date=20210817T160422, end_date=20210817T160423
[2021-08-17 16:04:23,158] {taskinstance.py:1220} INFO - 0 downstream tasks scheduled from follow-on schedule check
[2021-08-17 16:04:23,197] {local_task_job.py:146} INFO - Task exited with return code 0
