[2021-08-17 16:04:22,996] {taskinstance.py:851} INFO - Dependencies all met for <TaskInstance: alison_bash_dag.sleep 2021-08-16T00:00:00+00:00 [queued]>
[2021-08-17 16:04:23,018] {taskinstance.py:851} INFO - Dependencies all met for <TaskInstance: alison_bash_dag.sleep 2021-08-16T00:00:00+00:00 [queued]>
[2021-08-17 16:04:23,018] {taskinstance.py:1042} INFO - 
--------------------------------------------------------------------------------
[2021-08-17 16:04:23,018] {taskinstance.py:1043} INFO - Starting attempt 1 of 4
[2021-08-17 16:04:23,019] {taskinstance.py:1044} INFO - 
--------------------------------------------------------------------------------
[2021-08-17 16:04:23,032] {taskinstance.py:1063} INFO - Executing <Task(BashOperator): sleep> on 2021-08-16T00:00:00+00:00
[2021-08-17 16:04:23,043] {standard_task_runner.py:52} INFO - Started process 55 to run task
[2021-08-17 16:04:23,045] {standard_task_runner.py:76} INFO - Running: ['airflow', 'tasks', 'run', 'alison_bash_dag', 'sleep', '2021-08-16T00:00:00+00:00', '--job-id', '94', '--pool', 'default_pool', '--raw', '--subdir', 'DAGS_FOLDER/adam-dag.py', '--cfg-path', '/tmp/tmpgc2mzz7i', '--error-file', '/tmp/tmpmvxfe5xw']
[2021-08-17 16:04:23,048] {standard_task_runner.py:77} INFO - Job 94: Subtask sleep
[2021-08-17 16:04:23,112] {logging_mixin.py:104} INFO - Running <TaskInstance: alison_bash_dag.sleep 2021-08-16T00:00:00+00:00 [running]> on host 69d5ef3babdf
[2021-08-17 16:04:23,167] {taskinstance.py:1257} INFO - Exporting the following env vars:
AIRFLOW_CTX_DAG_OWNER=airflow
AIRFLOW_CTX_DAG_ID=alison_bash_dag
AIRFLOW_CTX_TASK_ID=sleep
AIRFLOW_CTX_EXECUTION_DATE=2021-08-16T00:00:00+00:00
AIRFLOW_CTX_DAG_RUN_ID=scheduled__2021-08-16T00:00:00+00:00
[2021-08-17 16:04:23,167] {bash.py:135} INFO - Tmp dir root location: 
 /tmp
[2021-08-17 16:04:23,168] {bash.py:158} INFO - Running command: sleep 5
[2021-08-17 16:04:23,189] {bash.py:169} INFO - Output:
[2021-08-17 16:04:28,192] {bash.py:177} INFO - Command exited with return code 0
[2021-08-17 16:04:28,224] {taskinstance.py:1166} INFO - Marking task as SUCCESS. dag_id=alison_bash_dag, task_id=sleep, execution_date=20210816T000000, start_date=20210817T160422, end_date=20210817T160428
[2021-08-17 16:04:28,247] {taskinstance.py:1220} INFO - 0 downstream tasks scheduled from follow-on schedule check
[2021-08-17 16:04:28,290] {local_task_job.py:146} INFO - Task exited with return code 0
