[2021-08-16 15:47:10,012] {taskinstance.py:851} INFO - Dependencies all met for <TaskInstance: example_branch_operator.branching 2021-08-16T15:43:40.926701+00:00 [queued]>
[2021-08-16 15:47:10,153] {taskinstance.py:851} INFO - Dependencies all met for <TaskInstance: example_branch_operator.branching 2021-08-16T15:43:40.926701+00:00 [queued]>
[2021-08-16 15:47:10,181] {taskinstance.py:1042} INFO - 
--------------------------------------------------------------------------------
[2021-08-16 15:47:10,183] {taskinstance.py:1043} INFO - Starting attempt 1 of 1
[2021-08-16 15:47:10,186] {taskinstance.py:1044} INFO - 
--------------------------------------------------------------------------------
[2021-08-16 15:47:10,298] {taskinstance.py:1063} INFO - Executing <Task(BranchPythonOperator): branching> on 2021-08-16T15:43:40.926701+00:00
[2021-08-16 15:47:10,380] {standard_task_runner.py:52} INFO - Started process 334 to run task
[2021-08-16 15:47:10,449] {standard_task_runner.py:76} INFO - Running: ['airflow', 'tasks', 'run', 'example_branch_operator', 'branching', '2021-08-16T15:43:40.926701+00:00', '--job-id', '18', '--pool', 'default_pool', '--raw', '--subdir', '/home/airflow/.local/lib/python3.6/site-packages/airflow/example_dags/example_branch_operator.py', '--cfg-path', '/tmp/tmp_jsw9b7q', '--error-file', '/tmp/tmp28ymv3vs']
[2021-08-16 15:47:10,465] {standard_task_runner.py:77} INFO - Job 18: Subtask branching
[2021-08-16 15:47:10,769] {logging_mixin.py:104} INFO - Running <TaskInstance: example_branch_operator.branching 2021-08-16T15:43:40.926701+00:00 [running]> on host 8f195762143d
[2021-08-16 15:47:10,955] {taskinstance.py:1257} INFO - Exporting the following env vars:
AIRFLOW_CTX_DAG_OWNER=airflow
AIRFLOW_CTX_DAG_ID=example_branch_operator
AIRFLOW_CTX_TASK_ID=branching
AIRFLOW_CTX_EXECUTION_DATE=2021-08-16T15:43:40.926701+00:00
AIRFLOW_CTX_DAG_RUN_ID=manual__2021-08-16T15:43:40.926701+00:00
[2021-08-16 15:47:10,971] {python.py:118} INFO - Done. Returned value was: branch_d
[2021-08-16 15:47:10,975] {skipmixin.py:124} INFO - Following branch branch_d
[2021-08-16 15:47:11,061] {skipmixin.py:155} INFO - Skipping tasks ['branch_b', 'branch_c', 'branch_a']
[2021-08-16 15:47:11,193] {taskinstance.py:1166} INFO - Marking task as SUCCESS. dag_id=example_branch_operator, task_id=branching, execution_date=20210816T154340, start_date=20210816T154710, end_date=20210816T154711
[2021-08-16 15:47:12,083] {taskinstance.py:1220} INFO - 0 downstream tasks scheduled from follow-on schedule check
[2021-08-16 15:47:12,252] {local_task_job.py:146} INFO - Task exited with return code 0
