[2021-08-16 15:47:10,713] {taskinstance.py:851} INFO - Dependencies all met for <TaskInstance: example_branch_operator.branching 2021-08-14T00:00:00+00:00 [queued]>
[2021-08-16 15:47:10,844] {taskinstance.py:851} INFO - Dependencies all met for <TaskInstance: example_branch_operator.branching 2021-08-14T00:00:00+00:00 [queued]>
[2021-08-16 15:47:10,845] {taskinstance.py:1042} INFO - 
--------------------------------------------------------------------------------
[2021-08-16 15:47:10,847] {taskinstance.py:1043} INFO - Starting attempt 1 of 1
[2021-08-16 15:47:10,852] {taskinstance.py:1044} INFO - 
--------------------------------------------------------------------------------
[2021-08-16 15:47:10,918] {taskinstance.py:1063} INFO - Executing <Task(BranchPythonOperator): branching> on 2021-08-14T00:00:00+00:00
[2021-08-16 15:47:10,942] {standard_task_runner.py:52} INFO - Started process 336 to run task
[2021-08-16 15:47:10,951] {standard_task_runner.py:76} INFO - Running: ['airflow', 'tasks', 'run', 'example_branch_operator', 'branching', '2021-08-14T00:00:00+00:00', '--job-id', '19', '--pool', 'default_pool', '--raw', '--subdir', '/home/airflow/.local/lib/python3.6/site-packages/airflow/example_dags/example_branch_operator.py', '--cfg-path', '/tmp/tmpnhs64erx', '--error-file', '/tmp/tmph2wrk832']
[2021-08-16 15:47:10,955] {standard_task_runner.py:77} INFO - Job 19: Subtask branching
[2021-08-16 15:47:11,205] {logging_mixin.py:104} INFO - Running <TaskInstance: example_branch_operator.branching 2021-08-14T00:00:00+00:00 [running]> on host 8f195762143d
[2021-08-16 15:47:11,391] {taskinstance.py:1257} INFO - Exporting the following env vars:
AIRFLOW_CTX_DAG_OWNER=airflow
AIRFLOW_CTX_DAG_ID=example_branch_operator
AIRFLOW_CTX_TASK_ID=branching
AIRFLOW_CTX_EXECUTION_DATE=2021-08-14T00:00:00+00:00
AIRFLOW_CTX_DAG_RUN_ID=scheduled__2021-08-14T00:00:00+00:00
[2021-08-16 15:47:11,451] {python.py:118} INFO - Done. Returned value was: branch_d
[2021-08-16 15:47:11,467] {skipmixin.py:124} INFO - Following branch branch_d
[2021-08-16 15:47:11,514] {skipmixin.py:155} INFO - Skipping tasks ['branch_b', 'branch_c', 'branch_a']
[2021-08-16 15:47:11,696] {taskinstance.py:1166} INFO - Marking task as SUCCESS. dag_id=example_branch_operator, task_id=branching, execution_date=20210814T000000, start_date=20210816T154710, end_date=20210816T154711
[2021-08-16 15:47:12,097] {taskinstance.py:1220} INFO - 0 downstream tasks scheduled from follow-on schedule check
[2021-08-16 15:47:12,269] {local_task_job.py:146} INFO - Task exited with return code 0
