[2021-08-16 15:47:40,318] {taskinstance.py:851} INFO - Dependencies all met for <TaskInstance: example_complex.update_tag 2021-08-16T15:43:47.414310+00:00 [queued]>
[2021-08-16 15:47:40,424] {taskinstance.py:851} INFO - Dependencies all met for <TaskInstance: example_complex.update_tag 2021-08-16T15:43:47.414310+00:00 [queued]>
[2021-08-16 15:47:40,430] {taskinstance.py:1042} INFO - 
--------------------------------------------------------------------------------
[2021-08-16 15:47:40,432] {taskinstance.py:1043} INFO - Starting attempt 1 of 1
[2021-08-16 15:47:40,432] {taskinstance.py:1044} INFO - 
--------------------------------------------------------------------------------
[2021-08-16 15:47:40,457] {taskinstance.py:1063} INFO - Executing <Task(BashOperator): update_tag> on 2021-08-16T15:43:47.414310+00:00
[2021-08-16 15:47:40,481] {standard_task_runner.py:52} INFO - Started process 464 to run task
[2021-08-16 15:47:40,507] {standard_task_runner.py:76} INFO - Running: ['airflow', 'tasks', 'run', 'example_complex', 'update_tag', '2021-08-16T15:43:47.414310+00:00', '--job-id', '57', '--pool', 'default_pool', '--raw', '--subdir', '/home/airflow/.local/lib/python3.6/site-packages/airflow/example_dags/example_complex.py', '--cfg-path', '/tmp/tmp0kzhz0v8', '--error-file', '/tmp/tmpca462sd0']
[2021-08-16 15:47:40,517] {standard_task_runner.py:77} INFO - Job 57: Subtask update_tag
[2021-08-16 15:47:40,648] {logging_mixin.py:104} INFO - Running <TaskInstance: example_complex.update_tag 2021-08-16T15:43:47.414310+00:00 [running]> on host 8f195762143d
[2021-08-16 15:47:40,831] {taskinstance.py:1257} INFO - Exporting the following env vars:
AIRFLOW_CTX_DAG_OWNER=airflow
AIRFLOW_CTX_DAG_ID=example_complex
AIRFLOW_CTX_TASK_ID=update_tag
AIRFLOW_CTX_EXECUTION_DATE=2021-08-16T15:43:47.414310+00:00
AIRFLOW_CTX_DAG_RUN_ID=manual__2021-08-16T15:43:47.414310+00:00
[2021-08-16 15:47:40,833] {bash.py:135} INFO - Tmp dir root location: 
 /tmp
[2021-08-16 15:47:40,837] {bash.py:158} INFO - Running command: echo update_tag
[2021-08-16 15:47:40,892] {bash.py:169} INFO - Output:
[2021-08-16 15:47:40,893] {bash.py:173} INFO - update_tag
[2021-08-16 15:47:40,893] {bash.py:177} INFO - Command exited with return code 0
[2021-08-16 15:47:40,965] {taskinstance.py:1166} INFO - Marking task as SUCCESS. dag_id=example_complex, task_id=update_tag, execution_date=20210816T154347, start_date=20210816T154740, end_date=20210816T154740
[2021-08-16 15:47:41,036] {taskinstance.py:1220} INFO - 0 downstream tasks scheduled from follow-on schedule check
[2021-08-16 15:47:41,132] {local_task_job.py:146} INFO - Task exited with return code 0
