[2021-08-16 15:47:47,703] {taskinstance.py:851} INFO - Dependencies all met for <TaskInstance: example_branch_dop_operator_v3.condition 2021-08-14T00:09:00+00:00 [queued]>
[2021-08-16 15:47:47,744] {taskinstance.py:851} INFO - Dependencies all met for <TaskInstance: example_branch_dop_operator_v3.condition 2021-08-14T00:09:00+00:00 [queued]>
[2021-08-16 15:47:47,747] {taskinstance.py:1042} INFO - 
--------------------------------------------------------------------------------
[2021-08-16 15:47:47,747] {taskinstance.py:1043} INFO - Starting attempt 1 of 1
[2021-08-16 15:47:47,747] {taskinstance.py:1044} INFO - 
--------------------------------------------------------------------------------
[2021-08-16 15:47:47,760] {taskinstance.py:1063} INFO - Executing <Task(BranchPythonOperator): condition> on 2021-08-14T00:09:00+00:00
[2021-08-16 15:47:47,770] {standard_task_runner.py:52} INFO - Started process 489 to run task
[2021-08-16 15:47:47,781] {standard_task_runner.py:76} INFO - Running: ['airflow', 'tasks', 'run', 'example_branch_dop_operator_v3', 'condition', '2021-08-14T00:09:00+00:00', '--job-id', '65', '--pool', 'default_pool', '--raw', '--subdir', '/home/airflow/.local/lib/python3.6/site-packages/airflow/example_dags/example_branch_python_dop_operator_3.py', '--cfg-path', '/tmp/tmpgwhyur0y', '--error-file', '/tmp/tmp2e3u16ue']
[2021-08-16 15:47:47,783] {standard_task_runner.py:77} INFO - Job 65: Subtask condition
[2021-08-16 15:47:47,848] {logging_mixin.py:104} INFO - Running <TaskInstance: example_branch_dop_operator_v3.condition 2021-08-14T00:09:00+00:00 [running]> on host 8f195762143d
[2021-08-16 15:47:47,943] {taskinstance.py:1257} INFO - Exporting the following env vars:
AIRFLOW_CTX_DAG_OWNER=airflow
AIRFLOW_CTX_DAG_ID=example_branch_dop_operator_v3
AIRFLOW_CTX_TASK_ID=condition
AIRFLOW_CTX_EXECUTION_DATE=2021-08-14T00:09:00+00:00
AIRFLOW_CTX_DAG_RUN_ID=scheduled__2021-08-14T00:09:00+00:00
[2021-08-16 15:47:47,946] {logging_mixin.py:104} INFO - ------------- exec dttm = 2021-08-14T00:09:00+00:00 and minute = 9
[2021-08-16 15:47:47,947] {python.py:118} INFO - Done. Returned value was: dummy_task_2
[2021-08-16 15:47:47,947] {skipmixin.py:124} INFO - Following branch dummy_task_2
[2021-08-16 15:47:47,957] {skipmixin.py:155} INFO - Skipping tasks ['dummy_task_1']
[2021-08-16 15:47:48,013] {taskinstance.py:1166} INFO - Marking task as SUCCESS. dag_id=example_branch_dop_operator_v3, task_id=condition, execution_date=20210814T000900, start_date=20210816T154747, end_date=20210816T154748
[2021-08-16 15:47:48,071] {taskinstance.py:1220} INFO - 1 downstream tasks scheduled from follow-on schedule check
[2021-08-16 15:47:48,115] {local_task_job.py:146} INFO - Task exited with return code 0
