[2021-08-16 15:47:11,254] {taskinstance.py:851} INFO - Dependencies all met for <TaskInstance: example_branch_operator.branching 2021-08-15T00:00:00+00:00 [queued]>
[2021-08-16 15:47:11,352] {taskinstance.py:851} INFO - Dependencies all met for <TaskInstance: example_branch_operator.branching 2021-08-15T00:00:00+00:00 [queued]>
[2021-08-16 15:47:11,353] {taskinstance.py:1042} INFO - 
--------------------------------------------------------------------------------
[2021-08-16 15:47:11,360] {taskinstance.py:1043} INFO - Starting attempt 1 of 1
[2021-08-16 15:47:11,360] {taskinstance.py:1044} INFO - 
--------------------------------------------------------------------------------
[2021-08-16 15:47:11,398] {taskinstance.py:1063} INFO - Executing <Task(BranchPythonOperator): branching> on 2021-08-15T00:00:00+00:00
[2021-08-16 15:47:11,599] {standard_task_runner.py:76} INFO - Running: ['airflow', 'tasks', 'run', 'example_branch_operator', 'branching', '2021-08-15T00:00:00+00:00', '--job-id', '20', '--pool', 'default_pool', '--raw', '--subdir', '/home/airflow/.local/lib/python3.6/site-packages/airflow/example_dags/example_branch_operator.py', '--cfg-path', '/tmp/tmpzwk6r0en', '--error-file', '/tmp/tmpmh05_h7t']
[2021-08-16 15:47:11,601] {standard_task_runner.py:77} INFO - Job 20: Subtask branching
[2021-08-16 15:47:11,556] {standard_task_runner.py:52} INFO - Started process 340 to run task
[2021-08-16 15:47:11,762] {logging_mixin.py:104} INFO - Running <TaskInstance: example_branch_operator.branching 2021-08-15T00:00:00+00:00 [running]> on host 8f195762143d
[2021-08-16 15:47:11,831] {taskinstance.py:1257} INFO - Exporting the following env vars:
AIRFLOW_CTX_DAG_OWNER=airflow
AIRFLOW_CTX_DAG_ID=example_branch_operator
AIRFLOW_CTX_TASK_ID=branching
AIRFLOW_CTX_EXECUTION_DATE=2021-08-15T00:00:00+00:00
AIRFLOW_CTX_DAG_RUN_ID=scheduled__2021-08-15T00:00:00+00:00
[2021-08-16 15:47:11,839] {python.py:118} INFO - Done. Returned value was: branch_b
[2021-08-16 15:47:11,844] {skipmixin.py:124} INFO - Following branch branch_b
[2021-08-16 15:47:11,859] {skipmixin.py:155} INFO - Skipping tasks ['branch_d', 'branch_c', 'branch_a']
[2021-08-16 15:47:11,982] {taskinstance.py:1166} INFO - Marking task as SUCCESS. dag_id=example_branch_operator, task_id=branching, execution_date=20210815T000000, start_date=20210816T154711, end_date=20210816T154711
[2021-08-16 15:47:12,264] {taskinstance.py:1220} INFO - 1 downstream tasks scheduled from follow-on schedule check
[2021-08-16 15:47:12,399] {local_task_job.py:146} INFO - Task exited with return code 0
