[2021-08-16 15:49:01,177] {taskinstance.py:851} INFO - Dependencies all met for <TaskInstance: alison_bash_dag.templated 2021-08-14T00:00:00+00:00 [queued]>
[2021-08-16 15:49:01,258] {taskinstance.py:851} INFO - Dependencies all met for <TaskInstance: alison_bash_dag.templated 2021-08-14T00:00:00+00:00 [queued]>
[2021-08-16 15:49:01,262] {taskinstance.py:1042} INFO - 
--------------------------------------------------------------------------------
[2021-08-16 15:49:01,262] {taskinstance.py:1043} INFO - Starting attempt 1 of 1
[2021-08-16 15:49:01,262] {taskinstance.py:1044} INFO - 
--------------------------------------------------------------------------------
[2021-08-16 15:49:01,296] {taskinstance.py:1063} INFO - Executing <Task(BashOperator): templated> on 2021-08-14T00:00:00+00:00
[2021-08-16 15:49:01,335] {standard_task_runner.py:52} INFO - Started process 583 to run task
[2021-08-16 15:49:01,352] {standard_task_runner.py:76} INFO - Running: ['airflow', 'tasks', 'run', 'alison_bash_dag', 'templated', '2021-08-14T00:00:00+00:00', '--job-id', '86', '--pool', 'default_pool', '--raw', '--subdir', 'DAGS_FOLDER/adam-dag.py', '--cfg-path', '/tmp/tmpvp5rsdoj', '--error-file', '/tmp/tmpg_snffbd']
[2021-08-16 15:49:01,353] {standard_task_runner.py:77} INFO - Job 86: Subtask templated
[2021-08-16 15:49:02,499] {logging_mixin.py:104} INFO - Running <TaskInstance: alison_bash_dag.templated 2021-08-14T00:00:00+00:00 [running]> on host 8f195762143d
[2021-08-16 15:49:20,742] {taskinstance.py:1257} INFO - Exporting the following env vars:
AIRFLOW_CTX_DAG_OWNER=airflow
AIRFLOW_CTX_DAG_ID=alison_bash_dag
AIRFLOW_CTX_TASK_ID=templated
AIRFLOW_CTX_EXECUTION_DATE=2021-08-14T00:00:00+00:00
AIRFLOW_CTX_DAG_RUN_ID=scheduled__2021-08-14T00:00:00+00:00
[2021-08-16 15:49:20,749] {bash.py:135} INFO - Tmp dir root location: 
 /tmp
[2021-08-16 15:49:20,769] {bash.py:158} INFO - Running command: 
mkdir adamdag
[2021-08-16 15:49:20,890] {bash.py:169} INFO - Output:
[2021-08-16 15:49:20,927] {bash.py:177} INFO - Command exited with return code 0
[2021-08-16 15:49:20,991] {taskinstance.py:1166} INFO - Marking task as SUCCESS. dag_id=alison_bash_dag, task_id=templated, execution_date=20210814T000000, start_date=20210816T154901, end_date=20210816T154920
[2021-08-16 15:49:21,031] {taskinstance.py:1220} INFO - 0 downstream tasks scheduled from follow-on schedule check
[2021-08-16 15:49:21,104] {local_task_job.py:146} INFO - Task exited with return code 0
