[2021-08-16 15:47:06,752] {taskinstance.py:851} INFO - Dependencies all met for <TaskInstance: example_bash_operator.also_run_this 2021-08-16T15:43:26.544337+00:00 [queued]>
[2021-08-16 15:47:06,800] {taskinstance.py:851} INFO - Dependencies all met for <TaskInstance: example_bash_operator.also_run_this 2021-08-16T15:43:26.544337+00:00 [queued]>
[2021-08-16 15:47:06,812] {taskinstance.py:1042} INFO - 
--------------------------------------------------------------------------------
[2021-08-16 15:47:06,813] {taskinstance.py:1043} INFO - Starting attempt 1 of 1
[2021-08-16 15:47:06,814] {taskinstance.py:1044} INFO - 
--------------------------------------------------------------------------------
[2021-08-16 15:47:06,866] {taskinstance.py:1063} INFO - Executing <Task(BashOperator): also_run_this> on 2021-08-16T15:43:26.544337+00:00
[2021-08-16 15:47:06,913] {standard_task_runner.py:52} INFO - Started process 310 to run task
[2021-08-16 15:47:06,929] {standard_task_runner.py:76} INFO - Running: ['airflow', 'tasks', 'run', 'example_bash_operator', 'also_run_this', '2021-08-16T15:43:26.544337+00:00', '--job-id', '6', '--pool', 'default_pool', '--raw', '--subdir', '/home/airflow/.local/lib/python3.6/site-packages/airflow/example_dags/example_bash_operator.py', '--cfg-path', '/tmp/tmprgm4bfry', '--error-file', '/tmp/tmpkrewvij0']
[2021-08-16 15:47:06,933] {standard_task_runner.py:77} INFO - Job 6: Subtask also_run_this
[2021-08-16 15:47:07,130] {logging_mixin.py:104} INFO - Running <TaskInstance: example_bash_operator.also_run_this 2021-08-16T15:43:26.544337+00:00 [running]> on host 8f195762143d
[2021-08-16 15:47:07,363] {taskinstance.py:1257} INFO - Exporting the following env vars:
AIRFLOW_CTX_DAG_OWNER=airflow
AIRFLOW_CTX_DAG_ID=example_bash_operator
AIRFLOW_CTX_TASK_ID=also_run_this
AIRFLOW_CTX_EXECUTION_DATE=2021-08-16T15:43:26.544337+00:00
AIRFLOW_CTX_DAG_RUN_ID=manual__2021-08-16T15:43:26.544337+00:00
[2021-08-16 15:47:07,371] {bash.py:135} INFO - Tmp dir root location: 
 /tmp
[2021-08-16 15:47:07,381] {bash.py:158} INFO - Running command: echo "run_id=manual__2021-08-16T15:43:26.544337+00:00 | dag_run=<DagRun example_bash_operator @ 2021-08-16 15:43:26.544337+00:00: manual__2021-08-16T15:43:26.544337+00:00, externally triggered: True>"
[2021-08-16 15:47:07,571] {bash.py:169} INFO - Output:
[2021-08-16 15:47:07,592] {bash.py:173} INFO - run_id=manual__2021-08-16T15:43:26.544337+00:00 | dag_run=<DagRun example_bash_operator @ 2021-08-16 15:43:26.544337+00:00: manual__2021-08-16T15:43:26.544337+00:00, externally triggered: True>
[2021-08-16 15:47:07,605] {bash.py:177} INFO - Command exited with return code 0
[2021-08-16 15:47:07,781] {taskinstance.py:1166} INFO - Marking task as SUCCESS. dag_id=example_bash_operator, task_id=also_run_this, execution_date=20210816T154326, start_date=20210816T154706, end_date=20210816T154707
[2021-08-16 15:47:08,125] {taskinstance.py:1220} INFO - 0 downstream tasks scheduled from follow-on schedule check
[2021-08-16 15:47:08,263] {local_task_job.py:146} INFO - Task exited with return code 0
