[2021-08-16 15:47:13,857] {taskinstance.py:851} INFO - Dependencies all met for <TaskInstance: example_bash_operator.run_after_loop 2021-08-16T15:43:26.544337+00:00 [queued]>
[2021-08-16 15:47:13,933] {taskinstance.py:851} INFO - Dependencies all met for <TaskInstance: example_bash_operator.run_after_loop 2021-08-16T15:43:26.544337+00:00 [queued]>
[2021-08-16 15:47:13,944] {taskinstance.py:1042} INFO - 
--------------------------------------------------------------------------------
[2021-08-16 15:47:13,946] {taskinstance.py:1043} INFO - Starting attempt 1 of 1
[2021-08-16 15:47:13,947] {taskinstance.py:1044} INFO - 
--------------------------------------------------------------------------------
[2021-08-16 15:47:14,070] {taskinstance.py:1063} INFO - Executing <Task(BashOperator): run_after_loop> on 2021-08-16T15:43:26.544337+00:00
[2021-08-16 15:47:14,138] {standard_task_runner.py:52} INFO - Started process 349 to run task
[2021-08-16 15:47:14,189] {standard_task_runner.py:76} INFO - Running: ['airflow', 'tasks', 'run', 'example_bash_operator', 'run_after_loop', '2021-08-16T15:43:26.544337+00:00', '--job-id', '23', '--pool', 'default_pool', '--raw', '--subdir', '/home/airflow/.local/lib/python3.6/site-packages/airflow/example_dags/example_bash_operator.py', '--cfg-path', '/tmp/tmpi1l_7i8w', '--error-file', '/tmp/tmpzv1l5ds0']
[2021-08-16 15:47:14,193] {standard_task_runner.py:77} INFO - Job 23: Subtask run_after_loop
[2021-08-16 15:47:14,729] {logging_mixin.py:104} INFO - Running <TaskInstance: example_bash_operator.run_after_loop 2021-08-16T15:43:26.544337+00:00 [running]> on host 8f195762143d
[2021-08-16 15:47:15,152] {taskinstance.py:1257} INFO - Exporting the following env vars:
AIRFLOW_CTX_DAG_OWNER=airflow
AIRFLOW_CTX_DAG_ID=example_bash_operator
AIRFLOW_CTX_TASK_ID=run_after_loop
AIRFLOW_CTX_EXECUTION_DATE=2021-08-16T15:43:26.544337+00:00
AIRFLOW_CTX_DAG_RUN_ID=manual__2021-08-16T15:43:26.544337+00:00
[2021-08-16 15:47:15,156] {bash.py:135} INFO - Tmp dir root location: 
 /tmp
[2021-08-16 15:47:15,171] {bash.py:158} INFO - Running command: echo 1
[2021-08-16 15:47:15,419] {bash.py:169} INFO - Output:
[2021-08-16 15:47:15,419] {bash.py:173} INFO - 1
[2021-08-16 15:47:15,430] {bash.py:177} INFO - Command exited with return code 0
[2021-08-16 15:47:15,560] {taskinstance.py:1166} INFO - Marking task as SUCCESS. dag_id=example_bash_operator, task_id=run_after_loop, execution_date=20210816T154326, start_date=20210816T154713, end_date=20210816T154715
[2021-08-16 15:47:16,580] {taskinstance.py:1220} INFO - 1 downstream tasks scheduled from follow-on schedule check
[2021-08-16 15:47:16,817] {local_task_job.py:146} INFO - Task exited with return code 0
