[2021-08-16 15:47:37,856] {taskinstance.py:851} INFO - Dependencies all met for <TaskInstance: example_complex.rename_tag_template_field 2021-08-16T15:43:47.414310+00:00 [queued]>
[2021-08-16 15:47:37,899] {taskinstance.py:851} INFO - Dependencies all met for <TaskInstance: example_complex.rename_tag_template_field 2021-08-16T15:43:47.414310+00:00 [queued]>
[2021-08-16 15:47:37,899] {taskinstance.py:1042} INFO - 
--------------------------------------------------------------------------------
[2021-08-16 15:47:37,900] {taskinstance.py:1043} INFO - Starting attempt 1 of 1
[2021-08-16 15:47:37,900] {taskinstance.py:1044} INFO - 
--------------------------------------------------------------------------------
[2021-08-16 15:47:37,909] {taskinstance.py:1063} INFO - Executing <Task(BashOperator): rename_tag_template_field> on 2021-08-16T15:43:47.414310+00:00
[2021-08-16 15:47:37,924] {standard_task_runner.py:52} INFO - Started process 451 to run task
[2021-08-16 15:47:37,953] {standard_task_runner.py:76} INFO - Running: ['airflow', 'tasks', 'run', 'example_complex', 'rename_tag_template_field', '2021-08-16T15:43:47.414310+00:00', '--job-id', '51', '--pool', 'default_pool', '--raw', '--subdir', '/home/airflow/.local/lib/python3.6/site-packages/airflow/example_dags/example_complex.py', '--cfg-path', '/tmp/tmpydq8lds2', '--error-file', '/tmp/tmpn26uk4pm']
[2021-08-16 15:47:37,955] {standard_task_runner.py:77} INFO - Job 51: Subtask rename_tag_template_field
[2021-08-16 15:47:38,040] {logging_mixin.py:104} INFO - Running <TaskInstance: example_complex.rename_tag_template_field 2021-08-16T15:43:47.414310+00:00 [running]> on host 8f195762143d
[2021-08-16 15:47:38,145] {taskinstance.py:1257} INFO - Exporting the following env vars:
AIRFLOW_CTX_DAG_OWNER=airflow
AIRFLOW_CTX_DAG_ID=example_complex
AIRFLOW_CTX_TASK_ID=rename_tag_template_field
AIRFLOW_CTX_EXECUTION_DATE=2021-08-16T15:43:47.414310+00:00
AIRFLOW_CTX_DAG_RUN_ID=manual__2021-08-16T15:43:47.414310+00:00
[2021-08-16 15:47:38,151] {bash.py:135} INFO - Tmp dir root location: 
 /tmp
[2021-08-16 15:47:38,169] {bash.py:158} INFO - Running command: echo rename_tag_template_field
[2021-08-16 15:47:38,226] {bash.py:169} INFO - Output:
[2021-08-16 15:47:38,232] {bash.py:173} INFO - rename_tag_template_field
[2021-08-16 15:47:38,233] {bash.py:177} INFO - Command exited with return code 0
[2021-08-16 15:47:38,294] {taskinstance.py:1166} INFO - Marking task as SUCCESS. dag_id=example_complex, task_id=rename_tag_template_field, execution_date=20210816T154347, start_date=20210816T154737, end_date=20210816T154738
[2021-08-16 15:47:39,330] {taskinstance.py:1220} INFO - 0 downstream tasks scheduled from follow-on schedule check
[2021-08-16 15:47:39,470] {local_task_job.py:146} INFO - Task exited with return code 0
