[2021-08-16 15:48:01,214] {taskinstance.py:851} INFO - Dependencies all met for <TaskInstance: example_branch_dop_operator_v3.condition 2021-08-14T00:13:00+00:00 [queued]>
[2021-08-16 15:48:01,243] {taskinstance.py:851} INFO - Dependencies all met for <TaskInstance: example_branch_dop_operator_v3.condition 2021-08-14T00:13:00+00:00 [queued]>
[2021-08-16 15:48:01,244] {taskinstance.py:1042} INFO - 
--------------------------------------------------------------------------------
[2021-08-16 15:48:01,244] {taskinstance.py:1043} INFO - Starting attempt 1 of 1
[2021-08-16 15:48:01,245] {taskinstance.py:1044} INFO - 
--------------------------------------------------------------------------------
[2021-08-16 15:48:01,254] {taskinstance.py:1063} INFO - Executing <Task(BranchPythonOperator): condition> on 2021-08-14T00:13:00+00:00
[2021-08-16 15:48:01,268] {standard_task_runner.py:76} INFO - Running: ['airflow', 'tasks', 'run', 'example_branch_dop_operator_v3', 'condition', '2021-08-14T00:13:00+00:00', '--job-id', '72', '--pool', 'default_pool', '--raw', '--subdir', '/home/airflow/.local/lib/python3.6/site-packages/airflow/example_dags/example_branch_python_dop_operator_3.py', '--cfg-path', '/tmp/tmp7h7jrtjx', '--error-file', '/tmp/tmpig92eyoo']
[2021-08-16 15:48:01,271] {standard_task_runner.py:77} INFO - Job 72: Subtask condition
[2021-08-16 15:48:01,266] {standard_task_runner.py:52} INFO - Started process 517 to run task
[2021-08-16 15:48:01,325] {logging_mixin.py:104} INFO - Running <TaskInstance: example_branch_dop_operator_v3.condition 2021-08-14T00:13:00+00:00 [running]> on host 8f195762143d
[2021-08-16 15:48:01,368] {taskinstance.py:1257} INFO - Exporting the following env vars:
AIRFLOW_CTX_DAG_OWNER=airflow
AIRFLOW_CTX_DAG_ID=example_branch_dop_operator_v3
AIRFLOW_CTX_TASK_ID=condition
AIRFLOW_CTX_EXECUTION_DATE=2021-08-14T00:13:00+00:00
AIRFLOW_CTX_DAG_RUN_ID=scheduled__2021-08-14T00:13:00+00:00
[2021-08-16 15:48:01,369] {logging_mixin.py:104} INFO - ------------- exec dttm = 2021-08-14T00:13:00+00:00 and minute = 13
[2021-08-16 15:48:01,370] {python.py:118} INFO - Done. Returned value was: dummy_task_2
[2021-08-16 15:48:01,370] {skipmixin.py:124} INFO - Following branch dummy_task_2
[2021-08-16 15:48:01,376] {skipmixin.py:155} INFO - Skipping tasks ['dummy_task_1']
[2021-08-16 15:48:01,419] {taskinstance.py:1166} INFO - Marking task as SUCCESS. dag_id=example_branch_dop_operator_v3, task_id=condition, execution_date=20210814T001300, start_date=20210816T154801, end_date=20210816T154801
[2021-08-16 15:48:01,460] {taskinstance.py:1220} INFO - 1 downstream tasks scheduled from follow-on schedule check
[2021-08-16 15:48:01,487] {local_task_job.py:146} INFO - Task exited with return code 0
