[2021-08-16 15:47:35,223] {taskinstance.py:851} INFO - Dependencies all met for <TaskInstance: example_complex.create_tag 2021-08-16T15:43:47.414310+00:00 [queued]>
[2021-08-16 15:47:35,264] {taskinstance.py:851} INFO - Dependencies all met for <TaskInstance: example_complex.create_tag 2021-08-16T15:43:47.414310+00:00 [queued]>
[2021-08-16 15:47:35,276] {taskinstance.py:1042} INFO - 
--------------------------------------------------------------------------------
[2021-08-16 15:47:35,305] {taskinstance.py:1043} INFO - Starting attempt 1 of 1
[2021-08-16 15:47:35,315] {taskinstance.py:1044} INFO - 
--------------------------------------------------------------------------------
[2021-08-16 15:47:35,360] {taskinstance.py:1063} INFO - Executing <Task(BashOperator): create_tag> on 2021-08-16T15:43:47.414310+00:00
[2021-08-16 15:47:35,391] {standard_task_runner.py:52} INFO - Started process 441 to run task
[2021-08-16 15:47:35,429] {standard_task_runner.py:76} INFO - Running: ['airflow', 'tasks', 'run', 'example_complex', 'create_tag', '2021-08-16T15:43:47.414310+00:00', '--job-id', '48', '--pool', 'default_pool', '--raw', '--subdir', '/home/airflow/.local/lib/python3.6/site-packages/airflow/example_dags/example_complex.py', '--cfg-path', '/tmp/tmporp3199m', '--error-file', '/tmp/tmppfauu416']
[2021-08-16 15:47:35,434] {standard_task_runner.py:77} INFO - Job 48: Subtask create_tag
[2021-08-16 15:47:35,583] {logging_mixin.py:104} INFO - Running <TaskInstance: example_complex.create_tag 2021-08-16T15:43:47.414310+00:00 [running]> on host 8f195762143d
[2021-08-16 15:47:35,750] {taskinstance.py:1257} INFO - Exporting the following env vars:
AIRFLOW_CTX_DAG_OWNER=airflow
AIRFLOW_CTX_DAG_ID=example_complex
AIRFLOW_CTX_TASK_ID=create_tag
AIRFLOW_CTX_EXECUTION_DATE=2021-08-16T15:43:47.414310+00:00
AIRFLOW_CTX_DAG_RUN_ID=manual__2021-08-16T15:43:47.414310+00:00
[2021-08-16 15:47:35,765] {bash.py:135} INFO - Tmp dir root location: 
 /tmp
[2021-08-16 15:47:35,770] {bash.py:158} INFO - Running command: echo create_tag
[2021-08-16 15:47:35,856] {bash.py:169} INFO - Output:
[2021-08-16 15:47:35,871] {bash.py:173} INFO - create_tag
[2021-08-16 15:47:35,877] {bash.py:177} INFO - Command exited with return code 0
[2021-08-16 15:47:35,970] {taskinstance.py:1166} INFO - Marking task as SUCCESS. dag_id=example_complex, task_id=create_tag, execution_date=20210816T154347, start_date=20210816T154735, end_date=20210816T154735
[2021-08-16 15:47:36,999] {taskinstance.py:1220} INFO - 5 downstream tasks scheduled from follow-on schedule check
[2021-08-16 15:47:37,045] {local_task_job.py:146} INFO - Task exited with return code 0
