[2021-08-16 15:47:48,034] {taskinstance.py:851} INFO - Dependencies all met for <TaskInstance: example_complex.delete_tag_template 2021-08-16T15:43:47.414310+00:00 [queued]>
[2021-08-16 15:47:48,058] {taskinstance.py:851} INFO - Dependencies all met for <TaskInstance: example_complex.delete_tag_template 2021-08-16T15:43:47.414310+00:00 [queued]>
[2021-08-16 15:47:48,061] {taskinstance.py:1042} INFO - 
--------------------------------------------------------------------------------
[2021-08-16 15:47:48,061] {taskinstance.py:1043} INFO - Starting attempt 1 of 1
[2021-08-16 15:47:48,061] {taskinstance.py:1044} INFO - 
--------------------------------------------------------------------------------
[2021-08-16 15:47:48,073] {taskinstance.py:1063} INFO - Executing <Task(BashOperator): delete_tag_template> on 2021-08-16T15:43:47.414310+00:00
[2021-08-16 15:47:48,078] {standard_task_runner.py:52} INFO - Started process 490 to run task
[2021-08-16 15:47:48,084] {standard_task_runner.py:76} INFO - Running: ['airflow', 'tasks', 'run', 'example_complex', 'delete_tag_template', '2021-08-16T15:43:47.414310+00:00', '--job-id', '66', '--pool', 'default_pool', '--raw', '--subdir', '/home/airflow/.local/lib/python3.6/site-packages/airflow/example_dags/example_complex.py', '--cfg-path', '/tmp/tmpvokd9xs6', '--error-file', '/tmp/tmpr7kbw3om']
[2021-08-16 15:47:48,086] {standard_task_runner.py:77} INFO - Job 66: Subtask delete_tag_template
[2021-08-16 15:47:48,126] {logging_mixin.py:104} INFO - Running <TaskInstance: example_complex.delete_tag_template 2021-08-16T15:43:47.414310+00:00 [running]> on host 8f195762143d
[2021-08-16 15:47:48,174] {taskinstance.py:1257} INFO - Exporting the following env vars:
AIRFLOW_CTX_DAG_OWNER=airflow
AIRFLOW_CTX_DAG_ID=example_complex
AIRFLOW_CTX_TASK_ID=delete_tag_template
AIRFLOW_CTX_EXECUTION_DATE=2021-08-16T15:43:47.414310+00:00
AIRFLOW_CTX_DAG_RUN_ID=manual__2021-08-16T15:43:47.414310+00:00
[2021-08-16 15:47:48,176] {bash.py:135} INFO - Tmp dir root location: 
 /tmp
[2021-08-16 15:47:48,178] {bash.py:158} INFO - Running command: echo delete_tag_template
[2021-08-16 15:47:48,193] {bash.py:169} INFO - Output:
[2021-08-16 15:47:48,194] {bash.py:173} INFO - delete_tag_template
[2021-08-16 15:47:48,204] {bash.py:177} INFO - Command exited with return code 0
[2021-08-16 15:47:48,233] {taskinstance.py:1166} INFO - Marking task as SUCCESS. dag_id=example_complex, task_id=delete_tag_template, execution_date=20210816T154347, start_date=20210816T154748, end_date=20210816T154748
[2021-08-16 15:47:48,266] {taskinstance.py:1220} INFO - 1 downstream tasks scheduled from follow-on schedule check
[2021-08-16 15:47:48,302] {local_task_job.py:146} INFO - Task exited with return code 0
