[2021-08-16 15:49:22,477] {taskinstance.py:851} INFO - Dependencies all met for <TaskInstance: alison_bash_dag.sleep 2021-08-14T00:00:00+00:00 [queued]>
[2021-08-16 15:49:22,618] {taskinstance.py:851} INFO - Dependencies all met for <TaskInstance: alison_bash_dag.sleep 2021-08-14T00:00:00+00:00 [queued]>
[2021-08-16 15:49:22,622] {taskinstance.py:1042} INFO - 
--------------------------------------------------------------------------------
[2021-08-16 15:49:22,623] {taskinstance.py:1043} INFO - Starting attempt 1 of 4
[2021-08-16 15:49:22,623] {taskinstance.py:1044} INFO - 
--------------------------------------------------------------------------------
[2021-08-16 15:49:22,721] {taskinstance.py:1063} INFO - Executing <Task(BashOperator): sleep> on 2021-08-14T00:00:00+00:00
[2021-08-16 15:49:22,826] {standard_task_runner.py:76} INFO - Running: ['airflow', 'tasks', 'run', 'alison_bash_dag', 'sleep', '2021-08-14T00:00:00+00:00', '--job-id', '89', '--pool', 'default_pool', '--raw', '--subdir', 'DAGS_FOLDER/adam-dag.py', '--cfg-path', '/tmp/tmpsjgyr8nf', '--error-file', '/tmp/tmpfalzc13u']
[2021-08-16 15:49:22,829] {standard_task_runner.py:77} INFO - Job 89: Subtask sleep
[2021-08-16 15:49:22,806] {standard_task_runner.py:52} INFO - Started process 588 to run task
[2021-08-16 15:49:23,531] {logging_mixin.py:104} INFO - Running <TaskInstance: alison_bash_dag.sleep 2021-08-14T00:00:00+00:00 [running]> on host 8f195762143d
[2021-08-16 15:49:23,831] {taskinstance.py:1257} INFO - Exporting the following env vars:
AIRFLOW_CTX_DAG_OWNER=airflow
AIRFLOW_CTX_DAG_ID=alison_bash_dag
AIRFLOW_CTX_TASK_ID=sleep
AIRFLOW_CTX_EXECUTION_DATE=2021-08-14T00:00:00+00:00
AIRFLOW_CTX_DAG_RUN_ID=scheduled__2021-08-14T00:00:00+00:00
[2021-08-16 15:49:23,850] {bash.py:135} INFO - Tmp dir root location: 
 /tmp
[2021-08-16 15:49:23,858] {bash.py:158} INFO - Running command: sleep 5
[2021-08-16 15:49:23,969] {bash.py:169} INFO - Output:
[2021-08-16 15:49:29,007] {bash.py:177} INFO - Command exited with return code 0
[2021-08-16 15:49:29,083] {taskinstance.py:1166} INFO - Marking task as SUCCESS. dag_id=alison_bash_dag, task_id=sleep, execution_date=20210814T000000, start_date=20210816T154922, end_date=20210816T154929
[2021-08-16 15:49:29,110] {taskinstance.py:1220} INFO - 0 downstream tasks scheduled from follow-on schedule check
[2021-08-16 15:49:29,152] {local_task_job.py:146} INFO - Task exited with return code 0
