[2021-08-16 15:47:49,989] {taskinstance.py:851} INFO - Dependencies all met for <TaskInstance: example_complex.delete_entry_group 2021-08-16T15:43:47.414310+00:00 [queued]>
[2021-08-16 15:47:50,015] {taskinstance.py:851} INFO - Dependencies all met for <TaskInstance: example_complex.delete_entry_group 2021-08-16T15:43:47.414310+00:00 [queued]>
[2021-08-16 15:47:50,019] {taskinstance.py:1042} INFO - 
--------------------------------------------------------------------------------
[2021-08-16 15:47:50,021] {taskinstance.py:1043} INFO - Starting attempt 1 of 1
[2021-08-16 15:47:50,023] {taskinstance.py:1044} INFO - 
--------------------------------------------------------------------------------
[2021-08-16 15:47:50,035] {taskinstance.py:1063} INFO - Executing <Task(BashOperator): delete_entry_group> on 2021-08-16T15:43:47.414310+00:00
[2021-08-16 15:47:50,049] {standard_task_runner.py:52} INFO - Started process 494 to run task
[2021-08-16 15:47:50,071] {standard_task_runner.py:76} INFO - Running: ['airflow', 'tasks', 'run', 'example_complex', 'delete_entry_group', '2021-08-16T15:43:47.414310+00:00', '--job-id', '67', '--pool', 'default_pool', '--raw', '--subdir', '/home/airflow/.local/lib/python3.6/site-packages/airflow/example_dags/example_complex.py', '--cfg-path', '/tmp/tmpg25ruvsp', '--error-file', '/tmp/tmp6g1el6ww']
[2021-08-16 15:47:50,073] {standard_task_runner.py:77} INFO - Job 67: Subtask delete_entry_group
[2021-08-16 15:47:50,157] {logging_mixin.py:104} INFO - Running <TaskInstance: example_complex.delete_entry_group 2021-08-16T15:43:47.414310+00:00 [running]> on host 8f195762143d
[2021-08-16 15:47:50,244] {taskinstance.py:1257} INFO - Exporting the following env vars:
AIRFLOW_CTX_DAG_OWNER=airflow
AIRFLOW_CTX_DAG_ID=example_complex
AIRFLOW_CTX_TASK_ID=delete_entry_group
AIRFLOW_CTX_EXECUTION_DATE=2021-08-16T15:43:47.414310+00:00
AIRFLOW_CTX_DAG_RUN_ID=manual__2021-08-16T15:43:47.414310+00:00
[2021-08-16 15:47:50,245] {bash.py:135} INFO - Tmp dir root location: 
 /tmp
[2021-08-16 15:47:50,251] {bash.py:158} INFO - Running command: echo delete_entry_group
[2021-08-16 15:47:50,284] {bash.py:169} INFO - Output:
[2021-08-16 15:47:50,284] {bash.py:173} INFO - delete_entry_group
[2021-08-16 15:47:50,285] {bash.py:177} INFO - Command exited with return code 0
[2021-08-16 15:47:50,345] {taskinstance.py:1166} INFO - Marking task as SUCCESS. dag_id=example_complex, task_id=delete_entry_group, execution_date=20210816T154347, start_date=20210816T154749, end_date=20210816T154750
[2021-08-16 15:47:50,394] {taskinstance.py:1220} INFO - 1 downstream tasks scheduled from follow-on schedule check
[2021-08-16 15:47:50,413] {local_task_job.py:146} INFO - Task exited with return code 0
