[2021-08-16 15:47:35,976] {taskinstance.py:851} INFO - Dependencies all met for <TaskInstance: example_complex.get_tag_template_result 2021-08-16T15:43:47.414310+00:00 [queued]>
[2021-08-16 15:47:36,017] {taskinstance.py:851} INFO - Dependencies all met for <TaskInstance: example_complex.get_tag_template_result 2021-08-16T15:43:47.414310+00:00 [queued]>
[2021-08-16 15:47:36,018] {taskinstance.py:1042} INFO - 
--------------------------------------------------------------------------------
[2021-08-16 15:47:36,020] {taskinstance.py:1043} INFO - Starting attempt 1 of 1
[2021-08-16 15:47:36,021] {taskinstance.py:1044} INFO - 
--------------------------------------------------------------------------------
[2021-08-16 15:47:36,045] {taskinstance.py:1063} INFO - Executing <Task(BashOperator): get_tag_template_result> on 2021-08-16T15:43:47.414310+00:00
[2021-08-16 15:47:36,050] {standard_task_runner.py:52} INFO - Started process 447 to run task
[2021-08-16 15:47:36,069] {standard_task_runner.py:76} INFO - Running: ['airflow', 'tasks', 'run', 'example_complex', 'get_tag_template_result', '2021-08-16T15:43:47.414310+00:00', '--job-id', '50', '--pool', 'default_pool', '--raw', '--subdir', '/home/airflow/.local/lib/python3.6/site-packages/airflow/example_dags/example_complex.py', '--cfg-path', '/tmp/tmpdr0fg081', '--error-file', '/tmp/tmp3bqe5lgf']
[2021-08-16 15:47:36,071] {standard_task_runner.py:77} INFO - Job 50: Subtask get_tag_template_result
[2021-08-16 15:47:36,163] {logging_mixin.py:104} INFO - Running <TaskInstance: example_complex.get_tag_template_result 2021-08-16T15:43:47.414310+00:00 [running]> on host 8f195762143d
[2021-08-16 15:47:36,249] {taskinstance.py:1257} INFO - Exporting the following env vars:
AIRFLOW_CTX_DAG_OWNER=airflow
AIRFLOW_CTX_DAG_ID=example_complex
AIRFLOW_CTX_TASK_ID=get_tag_template_result
AIRFLOW_CTX_EXECUTION_DATE=2021-08-16T15:43:47.414310+00:00
AIRFLOW_CTX_DAG_RUN_ID=manual__2021-08-16T15:43:47.414310+00:00
[2021-08-16 15:47:36,251] {bash.py:135} INFO - Tmp dir root location: 
 /tmp
[2021-08-16 15:47:36,255] {bash.py:158} INFO - Running command: echo get_tag_template_result
[2021-08-16 15:47:36,297] {bash.py:169} INFO - Output:
[2021-08-16 15:47:36,311] {bash.py:173} INFO - get_tag_template_result
[2021-08-16 15:47:36,318] {bash.py:177} INFO - Command exited with return code 0
[2021-08-16 15:47:36,373] {taskinstance.py:1166} INFO - Marking task as SUCCESS. dag_id=example_complex, task_id=get_tag_template_result, execution_date=20210816T154347, start_date=20210816T154735, end_date=20210816T154736
[2021-08-16 15:47:37,053] {taskinstance.py:1220} INFO - 0 downstream tasks scheduled from follow-on schedule check
[2021-08-16 15:47:37,149] {local_task_job.py:146} INFO - Task exited with return code 0
