[2021-08-16 15:47:06,766] {taskinstance.py:851} INFO - Dependencies all met for <TaskInstance: example_bash_operator.runme_2 2021-08-16T15:43:26.544337+00:00 [queued]>
[2021-08-16 15:47:06,824] {taskinstance.py:851} INFO - Dependencies all met for <TaskInstance: example_bash_operator.runme_2 2021-08-16T15:43:26.544337+00:00 [queued]>
[2021-08-16 15:47:06,829] {taskinstance.py:1042} INFO - 
--------------------------------------------------------------------------------
[2021-08-16 15:47:06,830] {taskinstance.py:1043} INFO - Starting attempt 1 of 1
[2021-08-16 15:47:06,832] {taskinstance.py:1044} INFO - 
--------------------------------------------------------------------------------
[2021-08-16 15:47:06,992] {taskinstance.py:1063} INFO - Executing <Task(BashOperator): runme_2> on 2021-08-16T15:43:26.544337+00:00
[2021-08-16 15:47:07,075] {standard_task_runner.py:52} INFO - Started process 311 to run task
[2021-08-16 15:47:07,169] {standard_task_runner.py:76} INFO - Running: ['airflow', 'tasks', 'run', 'example_bash_operator', 'runme_2', '2021-08-16T15:43:26.544337+00:00', '--job-id', '7', '--pool', 'default_pool', '--raw', '--subdir', '/home/airflow/.local/lib/python3.6/site-packages/airflow/example_dags/example_bash_operator.py', '--cfg-path', '/tmp/tmpeniszm8b', '--error-file', '/tmp/tmpq5ua4dm_']
[2021-08-16 15:47:07,185] {standard_task_runner.py:77} INFO - Job 7: Subtask runme_2
[2021-08-16 15:47:07,584] {logging_mixin.py:104} INFO - Running <TaskInstance: example_bash_operator.runme_2 2021-08-16T15:43:26.544337+00:00 [running]> on host 8f195762143d
[2021-08-16 15:47:08,062] {taskinstance.py:1257} INFO - Exporting the following env vars:
AIRFLOW_CTX_DAG_OWNER=airflow
AIRFLOW_CTX_DAG_ID=example_bash_operator
AIRFLOW_CTX_TASK_ID=runme_2
AIRFLOW_CTX_EXECUTION_DATE=2021-08-16T15:43:26.544337+00:00
AIRFLOW_CTX_DAG_RUN_ID=manual__2021-08-16T15:43:26.544337+00:00
[2021-08-16 15:47:08,071] {bash.py:135} INFO - Tmp dir root location: 
 /tmp
[2021-08-16 15:47:08,086] {bash.py:158} INFO - Running command: echo "example_bash_operator__runme_2__20210816" && sleep 1
[2021-08-16 15:47:08,272] {bash.py:169} INFO - Output:
[2021-08-16 15:47:08,282] {bash.py:173} INFO - example_bash_operator__runme_2__20210816
[2021-08-16 15:47:09,296] {bash.py:177} INFO - Command exited with return code 0
[2021-08-16 15:47:09,409] {taskinstance.py:1166} INFO - Marking task as SUCCESS. dag_id=example_bash_operator, task_id=runme_2, execution_date=20210816T154326, start_date=20210816T154706, end_date=20210816T154709
[2021-08-16 15:47:09,893] {taskinstance.py:1220} INFO - 0 downstream tasks scheduled from follow-on schedule check
[2021-08-16 15:47:09,956] {local_task_job.py:146} INFO - Task exited with return code 0
