[2021-08-16 15:47:07,248] {taskinstance.py:851} INFO - Dependencies all met for <TaskInstance: example_bash_operator.runme_1 2021-08-16T15:43:26.544337+00:00 [queued]>
[2021-08-16 15:47:07,509] {taskinstance.py:851} INFO - Dependencies all met for <TaskInstance: example_bash_operator.runme_1 2021-08-16T15:43:26.544337+00:00 [queued]>
[2021-08-16 15:47:07,518] {taskinstance.py:1042} INFO - 
--------------------------------------------------------------------------------
[2021-08-16 15:47:07,521] {taskinstance.py:1043} INFO - Starting attempt 1 of 1
[2021-08-16 15:47:07,525] {taskinstance.py:1044} INFO - 
--------------------------------------------------------------------------------
[2021-08-16 15:47:07,708] {taskinstance.py:1063} INFO - Executing <Task(BashOperator): runme_1> on 2021-08-16T15:43:26.544337+00:00
[2021-08-16 15:47:07,765] {standard_task_runner.py:52} INFO - Started process 318 to run task
[2021-08-16 15:47:07,887] {standard_task_runner.py:76} INFO - Running: ['airflow', 'tasks', 'run', 'example_bash_operator', 'runme_1', '2021-08-16T15:43:26.544337+00:00', '--job-id', '11', '--pool', 'default_pool', '--raw', '--subdir', '/home/airflow/.local/lib/python3.6/site-packages/airflow/example_dags/example_bash_operator.py', '--cfg-path', '/tmp/tmp4qx4qg9j', '--error-file', '/tmp/tmpjtw05_4x']
[2021-08-16 15:47:07,890] {standard_task_runner.py:77} INFO - Job 11: Subtask runme_1
[2021-08-16 15:47:08,314] {logging_mixin.py:104} INFO - Running <TaskInstance: example_bash_operator.runme_1 2021-08-16T15:43:26.544337+00:00 [running]> on host 8f195762143d
[2021-08-16 15:47:08,721] {taskinstance.py:1257} INFO - Exporting the following env vars:
AIRFLOW_CTX_DAG_OWNER=airflow
AIRFLOW_CTX_DAG_ID=example_bash_operator
AIRFLOW_CTX_TASK_ID=runme_1
AIRFLOW_CTX_EXECUTION_DATE=2021-08-16T15:43:26.544337+00:00
AIRFLOW_CTX_DAG_RUN_ID=manual__2021-08-16T15:43:26.544337+00:00
[2021-08-16 15:47:08,727] {bash.py:135} INFO - Tmp dir root location: 
 /tmp
[2021-08-16 15:47:08,746] {bash.py:158} INFO - Running command: echo "example_bash_operator__runme_1__20210816" && sleep 1
[2021-08-16 15:47:08,837] {bash.py:169} INFO - Output:
[2021-08-16 15:47:08,853] {bash.py:173} INFO - example_bash_operator__runme_1__20210816
[2021-08-16 15:47:09,855] {bash.py:177} INFO - Command exited with return code 0
[2021-08-16 15:47:10,010] {taskinstance.py:1166} INFO - Marking task as SUCCESS. dag_id=example_bash_operator, task_id=runme_1, execution_date=20210816T154326, start_date=20210816T154707, end_date=20210816T154710
[2021-08-16 15:47:10,299] {taskinstance.py:1220} INFO - 1 downstream tasks scheduled from follow-on schedule check
[2021-08-16 15:47:10,457] {local_task_job.py:146} INFO - Task exited with return code 0
